#
# A fatal error has been detected by the Java Runtime Environment:
#
#  SIGSEGV (0xb) at pc=0x00007f6e70efc01c, pid=4822, tid=4833
#
# JRE version: OpenJDK Runtime Environment (11.0.16+8) (build 11.0.16+8-post-Ubuntu-0ubuntu120.04)
# Java VM: OpenJDK 64-Bit Server VM (11.0.16+8-post-Ubuntu-0ubuntu120.04, mixed mode, sharing, tiered, compressed oops, g1 gc, linux-amd64)
# Problematic frame:
# J 787 c1 java.lang.reflect.Executable.declaredAnnotations()Ljava/util/Map; java.base@11.0.16 (85 bytes) @ 0x00007f6e70efc01c [0x00007f6e70efbd60+0x00000000000002bc]
#
# Core dump will be written. Default location: Core dumps may be processed with "/usr/share/apport/apport -p%p -s%s -c%c -d%d -P%P -u%u -g%g -- %E" (or dumping to /home/divum/Projects/employee/core.4822)
#
# If you would like to submit a bug report, please visit:
#   https://bugs.launchpad.net/ubuntu/+source/openjdk-lts
#

---------------  S U M M A R Y ------------

Command Line: -Dfile.encoding=utf8 /home/divum/.vscode/extensions/vscjava.vscode-gradle-3.12.5/lib/gradle-language-server.jar

Host: Intel(R) Core(TM) i7-8650U CPU @ 1.90GHz, 8 cores, 15G, Ubuntu 20.04.4 LTS
Time: Mon Oct 10 09:56:47 2022 IST elapsed time: 2.628293 seconds (0d 0h 0m 2s)

---------------  T H R E A D  ---------------

Current thread (0x00007f6e88016000):  JavaThread "main" [_thread_in_Java, id=4833, stack(0x00007f6e8c2c3000,0x00007f6e8c3c4000)]

Stack: [0x00007f6e8c2c3000,0x00007f6e8c3c4000],  sp=0x00007f6e8c3c2170,  free space=1020k
Native frames: (J=compiled Java code, A=aot compiled Java code, j=interpreted, Vv=VM code, C=native code)
J 787 c1 java.lang.reflect.Executable.declaredAnnotations()Ljava/util/Map; java.base@11.0.16 (85 bytes) @ 0x00007f6e70efc01c [0x00007f6e70efbd60+0x00000000000002bc]
J 787 c1 java.lang.reflect.Executable.declaredAnnotations()Ljava/util/Map; java.base@11.0.16 (85 bytes) @ 0x00007f6e70efc164 [0x00007f6e70efbd60+0x0000000000000404]
J 949 c1 java.lang.reflect.Method.getAnnotation(Ljava/lang/Class;)Ljava/lang/annotation/Annotation; java.base@11.0.16 (6 bytes) @ 0x00007f6e70f3fd0c [0x00007f6e70f3fbc0+0x000000000000014c]
j  org.eclipse.lsp4j.jsonrpc.services.AnnotationUtil.createMethodInfo(Ljava/lang/reflect/Method;Ljava/lang/String;)Lorg/eclipse/lsp4j/jsonrpc/services/AnnotationUtil$MethodInfo;+10
j  org.eclipse.lsp4j.jsonrpc.services.AnnotationUtil.findRpcMethods(Ljava/lang/Class;Ljava/util/Set;Ljava/util/function/Consumer;)V+98
j  org.eclipse.lsp4j.jsonrpc.services.GenericEndpoint.recursiveFindRpcMethods(Ljava/lang/Object;Ljava/util/Set;Ljava/util/Set;)V+12
j  org.eclipse.lsp4j.jsonrpc.services.GenericEndpoint.lambda$recursiveFindRpcMethods$2(Ljava/lang/Object;Ljava/util/Set;Ljava/util/Set;Ljava/lang/reflect/Method;)V+22
j  org.eclipse.lsp4j.jsonrpc.services.GenericEndpoint$$Lambda$39.accept(Ljava/lang/Object;)V+20
j  org.eclipse.lsp4j.jsonrpc.services.AnnotationUtil.findDelegateSegments(Ljava/lang/Class;Ljava/util/Set;Ljava/util/function/Consumer;)V+98
j  org.eclipse.lsp4j.jsonrpc.services.AnnotationUtil.findDelegateSegments(Ljava/lang/Class;Ljava/util/Set;Ljava/util/function/Consumer;)V+53
j  org.eclipse.lsp4j.jsonrpc.services.GenericEndpoint.recursiveFindRpcMethods(Ljava/lang/Object;Ljava/util/Set;Ljava/util/Set;)V+29
j  org.eclipse.lsp4j.jsonrpc.services.GenericEndpoint.<init>(Ljava/util/Collection;)V+69
j  org.eclipse.lsp4j.jsonrpc.services.ServiceEndpoints.toEndpoint(Ljava/util/Collection;)Lorg/eclipse/lsp4j/jsonrpc/Endpoint;+5
j  org.eclipse.lsp4j.jsonrpc.Launcher$Builder.createRemoteEndpoint(Lorg/eclipse/lsp4j/jsonrpc/json/MessageJsonHandler;)Lorg/eclipse/lsp4j/jsonrpc/RemoteEndpoint;+23
j  org.eclipse.lsp4j.jsonrpc.Launcher$Builder.create()Lorg/eclipse/lsp4j/jsonrpc/Launcher;+75
j  org.eclipse.lsp4j.jsonrpc.Launcher.createLauncher(Ljava/lang/Object;Ljava/lang/Class;Ljava/io/InputStream;Ljava/io/OutputStream;)Lorg/eclipse/lsp4j/jsonrpc/Launcher;+23
j  com.microsoft.gradle.GradleLanguageServer.main([Ljava/lang/String;)V+27
v  ~StubRoutines::call_stub
V  [libjvm.so+0x86e8f4]
V  [libjvm.so+0x8ea85d]
V  [libjvm.so+0x8ecf70]
C  [libjli.so+0x5a6a]
C  [libjli.so+0x9cdd]


siginfo: si_signo: 11 (SIGSEGV), si_code: 128 (SI_KERNEL), si_addr: 0x0000000000000000

Register to memory mapping:

RAX=0x0 is NULL
RBX=0x80007f6e5b920ad8 is an unknown value
RCX=0x0000000716b0a550 points into unknown readable memory: 0x00007f6e88016005 | 05 60 01 88 6e 7f 00 00
RDX=0x00000000000000f2 is an unknown value
RSP=0x00007f6e8c3c2170 is pointing into the stack for thread: 0x00007f6e88016000
RBP=0x00007f6e8c3c2370 is pointing into the stack for thread: 0x00007f6e88016000
RSI=0x0000000716cfc750 points into unknown readable memory: 0x00007f6e88016005 | 05 60 01 88 6e 7f 00 00
RDI=0x00007f6e5b950970 is pointing into metadata
R8 =0x00007f6e5bafc508 is pointing into metadata
R9 =0x00007f6e882d84d0 points into unknown readable memory: 0x00007f6e5b9fdd10 | 10 dd 9f 5b 6e 7f 00 00
R10=0x00007f6e8dc0d000 points into unknown readable memory: 0x0000000000000000 | 00 00 00 00 00 00 00 00
R11=0x00007f6e70f3fc00 is at entry_point+64 in (nmethod*)0x00007f6e70f3f990
R12=0x0 is NULL
R13=0x00007f6e8c3c2318 is pointing into the stack for thread: 0x00007f6e88016000
R14=0x00007f6e8c3c2398 is pointing into the stack for thread: 0x00007f6e88016000
R15=0x00007f6e88016000 is a thread


Registers:
RAX=0x0000000000000000, RBX=0x80007f6e5b920ad8, RCX=0x0000000716b0a550, RDX=0x00000000000000f2
RSP=0x00007f6e8c3c2170, RBP=0x00007f6e8c3c2370, RSI=0x0000000716cfc750, RDI=0x00007f6e5b950970
R8 =0x00007f6e5bafc508, R9 =0x00007f6e882d84d0, R10=0x00007f6e8dc0d000, R11=0x00007f6e70f3fc00
R12=0x0000000000000000, R13=0x00007f6e8c3c2318, R14=0x00007f6e8c3c2398, R15=0x00007f6e88016000
RIP=0x00007f6e70efc01c, EFLAGS=0x0000000000010246, CSGSFS=0x002b000000000033, ERR=0x0000000000000000
  TRAPNO=0x000000000000000d

Top of Stack: (sp=0x00007f6e8c3c2170)
0x00007f6e8c3c2170:   0000000700000002 00007f6e00000012
0x00007f6e8c3c2180:   0000000000000000 0000000000000000
0x00007f6e8c3c2190:   0000000000000000 0000000000000000
0x00007f6e8c3c21a0:   0000000716cfc750 00000008002dcf40 

Instructions: (pc=0x00007f6e70efc01c)
0x00007f6e70efbf1c:   d8 0a 92 5b 6e 7f 00 00 48 b8 60 01 00 00 00 00
0x00007f6e70efbf2c:   00 00 0f 85 0a 00 00 00 48 b8 70 01 00 00 00 00
0x00007f6e70efbf3c:   00 00 48 8b 14 03 48 8d 52 01 48 89 14 03 0f 85
0x00007f6e70efbf4c:   c7 05 00 00 48 8b fe 48 bb d8 0a 92 5b 6e 7f 00
0x00007f6e70efbf5c:   00 8b 7f 08 48 c1 e7 03 49 bc 00 00 00 00 08 00
0x00007f6e70efbf6c:   00 00 49 03 fc 4d 33 e4 48 3b bb 90 01 00 00 75
0x00007f6e70efbf7c:   0d 48 83 83 98 01 00 00 01 e9 66 00 00 00 48 3b
0x00007f6e70efbf8c:   bb a0 01 00 00 75 0d 48 83 83 a8 01 00 00 01 e9
0x00007f6e70efbf9c:   50 00 00 00 48 81 bb 90 01 00 00 00 00 00 00 75
0x00007f6e70efbfac:   17 48 89 bb 90 01 00 00 48 c7 83 98 01 00 00 01
0x00007f6e70efbfbc:   00 00 00 e9 2c 00 00 00 48 81 bb a0 01 00 00 00
0x00007f6e70efbfcc:   00 00 00 75 17 48 89 bb a0 01 00 00 48 c7 83 a8
0x00007f6e70efbfdc:   01 00 00 01 00 00 00 e9 08 00 00 00 48 83 83 80
0x00007f6e70efbfec:   01 00 00 01 48 8b fe 48 8b f7 48 89 7c 24 30 66
0x00007f6e70efbffc:   90 48 b8 e0 20 42 88 6e 7f 00 00 e8 54 2c 94 ff
0x00007f6e70efc00c:   48 83 f8 00 75 16 48 bb d8 0a 92 5b 6e 7f 00 80
0x00007f6e70efc01c:   80 8b b1 01 00 00 01 e9 e1 00 00 00 48 be b0 01
0x00007f6e70efc02c:   2d 00 08 00 00 00 8b 58 08 48 c1 e3 03 49 bc 00
0x00007f6e70efc03c:   00 00 00 08 00 00 00 49 03 dc 4d 33 e4 48 3b 73
0x00007f6e70efc04c:   40 0f 85 9a 00 00 00 48 bb d8 0a 92 5b 6e 7f 00
0x00007f6e70efc05c:   00 8b 70 08 48 c1 e6 03 49 bc 00 00 00 00 08 00
0x00007f6e70efc06c:   00 00 49 03 f4 4d 33 e4 48 3b b3 c8 01 00 00 75
0x00007f6e70efc07c:   0d 48 83 83 d0 01 00 00 01 e9 7f 00 00 00 48 3b
0x00007f6e70efc08c:   b3 d8 01 00 00 75 0d 48 83 83 e0 01 00 00 01 e9
0x00007f6e70efc09c:   69 00 00 00 48 81 bb c8 01 00 00 00 00 00 00 75
0x00007f6e70efc0ac:   17 48 89 b3 c8 01 00 00 48 c7 83 d0 01 00 00 01
0x00007f6e70efc0bc:   00 00 00 e9 45 00 00 00 48 81 bb d8 01 00 00 00
0x00007f6e70efc0cc:   00 00 00 75 17 48 89 b3 d8 01 00 00 48 c7 83 e0
0x00007f6e70efc0dc:   01 00 00 01 00 00 00 e9 21 00 00 00 e9 1c 00 00
0x00007f6e70efc0ec:   00 48 bb d8 0a 92 5b 6e 7f 00 00 48 83 ab b8 01
0x00007f6e70efc0fc:   00 00 01 e9 f2 04 00 00 e9 00 00 00 00 48 8b f0
0x00007f6e70efc10c:   48 83 fe 00 48 bf d8 0a 92 5b 6e 7f 00 00 48 bb 


Stack slot to memory mapping:
stack at sp + 0 slots: 0x0000000700000002 is an unknown value
stack at sp + 1 slots: 0x00007f6e00000012 is an unknown value
stack at sp + 2 slots: 0x0 is NULL
stack at sp + 3 slots: 0x0 is NULL
stack at sp + 4 slots: 0x0 is NULL
stack at sp + 5 slots: 0x0 is NULL
stack at sp + 6 slots: 0x0000000716cfc750 points into unknown readable memory: 0x00007f6e88016005 | 05 60 01 88 6e 7f 00 00
stack at sp + 7 slots: 0x00000008002dcf40 is pointing into metadata



---------------  P R O C E S S  ---------------

Threads class SMR info:
_java_thread_list=0x00007f6e341134a0, length=10, elements={
0x00007f6e88016000, 0x00007f6e88233800, 0x00007f6e88235800, 0x00007f6e8823b800,
0x00007f6e8823d800, 0x00007f6e8823f800, 0x00007f6e88241800, 0x00007f6e88243800,
0x00007f6e8827e800, 0x00007f6e34112800
}

Java Threads: ( => current thread )
=>0x00007f6e88016000 JavaThread "main" [_thread_in_Java, id=4833, stack(0x00007f6e8c2c3000,0x00007f6e8c3c4000)]
  0x00007f6e88233800 JavaThread "Reference Handler" daemon [_thread_blocked, id=4840, stack(0x00007f6e5b3f9000,0x00007f6e5b4fa000)]
  0x00007f6e88235800 JavaThread "Finalizer" daemon [_thread_blocked, id=4841, stack(0x00007f6e5b2f8000,0x00007f6e5b3f9000)]
  0x00007f6e8823b800 JavaThread "Signal Dispatcher" daemon [_thread_blocked, id=4842, stack(0x00007f6e5ac87000,0x00007f6e5ad88000)]
  0x00007f6e8823d800 JavaThread "Service Thread" daemon [_thread_blocked, id=4843, stack(0x00007f6e5ab86000,0x00007f6e5ac87000)]
  0x00007f6e8823f800 JavaThread "C2 CompilerThread0" daemon [_thread_blocked, id=4844, stack(0x00007f6e5aa85000,0x00007f6e5ab86000)]
  0x00007f6e88241800 JavaThread "C1 CompilerThread0" daemon [_thread_blocked, id=4845, stack(0x00007f6e5a984000,0x00007f6e5aa85000)]
  0x00007f6e88243800 JavaThread "Sweeper thread" daemon [_thread_blocked, id=4846, stack(0x00007f6e5a883000,0x00007f6e5a984000)]
  0x00007f6e8827e800 JavaThread "Common-Cleaner" daemon [_thread_blocked, id=4849, stack(0x00007f6e5a680000,0x00007f6e5a781000)]
  0x00007f6e34112800 JavaThread "C2 CompilerThread1" daemon [_thread_blocked, id=4924, stack(0x00007f6e5a57f000,0x00007f6e5a680000)]

Other Threads:
  0x00007f6e88231000 VMThread "VM Thread" [stack: 0x00007f6e5b4fc000,0x00007f6e5b5fc000] [id=4839]
  0x00007f6e8827c800 WatcherThread [stack: 0x00007f6e5a783000,0x00007f6e5a883000] [id=4848]
  0x00007f6e8802e000 GCTaskThread "GC Thread#0" [stack: 0x00007f6e70711000,0x00007f6e70811000] [id=4834]
  0x00007f6e8808c000 ConcurrentGCThread "G1 Main Marker" [stack: 0x00007f6e629d2000,0x00007f6e62ad2000] [id=4835]
  0x00007f6e8808e000 ConcurrentGCThread "G1 Conc#0" [stack: 0x00007f6e628d0000,0x00007f6e629d0000] [id=4836]
  0x00007f6e8818c000 ConcurrentGCThread "G1 Refine#0" [stack: 0x00007f6e5bf00000,0x00007f6e5c000000] [id=4837]
  0x00007f6e8818e000 ConcurrentGCThread "G1 Young RemSet Sampling" [stack: 0x00007f6e5bdfe000,0x00007f6e5befe000] [id=4838]

Threads with active compile tasks:

VM state:not at safepoint (normal execution)

VM Mutex/Monitor currently owned by a thread: None

Heap address: 0x0000000708200000, size: 3966 MB, Compressed Oops mode: Zero based, Oop shift amount: 3
Narrow klass base: 0x0000000800000000, Narrow klass shift: 3
Compressed class space size: 1073741824 Address: 0x0000000840000000

Heap:
 garbage-first heap   total 256000K, used 15052K [0x0000000708200000, 0x0000000800000000)
  region size 1024K, 15 young (15360K), 0 survivors (0K)
 Metaspace       used 5572K, capacity 6492K, committed 6656K, reserved 1056768K
  class space    used 607K, capacity 712K, committed 768K, reserved 1048576K
Heap Regions: E=young(eden), S=young(survivor), O=old, HS=humongous(starts), HC=humongous(continues), CS=collection set, F=free, A=archive, TAMS=top-at-mark-start (previous, next)
|   0|0x0000000708200000, 0x0000000708300000, 0x0000000708300000|100%|HS|  |TAMS 0x0000000708200000, 0x0000000708200000| Complete 
|   1|0x0000000708300000, 0x0000000708300000, 0x0000000708400000|  0%| F|  |TAMS 0x0000000708300000, 0x0000000708300000| Untracked 
|   2|0x0000000708400000, 0x0000000708400000, 0x0000000708500000|  0%| F|  |TAMS 0x0000000708400000, 0x0000000708400000| Untracked 
|   3|0x0000000708500000, 0x0000000708500000, 0x0000000708600000|  0%| F|  |TAMS 0x0000000708500000, 0x0000000708500000| Untracked 
|   4|0x0000000708600000, 0x0000000708600000, 0x0000000708700000|  0%| F|  |TAMS 0x0000000708600000, 0x0000000708600000| Untracked 
|   5|0x0000000708700000, 0x0000000708700000, 0x0000000708800000|  0%| F|  |TAMS 0x0000000708700000, 0x0000000708700000| Untracked 
|   6|0x0000000708800000, 0x0000000708800000, 0x0000000708900000|  0%| F|  |TAMS 0x0000000708800000, 0x0000000708800000| Untracked 
|   7|0x0000000708900000, 0x0000000708900000, 0x0000000708a00000|  0%| F|  |TAMS 0x0000000708900000, 0x0000000708900000| Untracked 
|   8|0x0000000708a00000, 0x0000000708a00000, 0x0000000708b00000|  0%| F|  |TAMS 0x0000000708a00000, 0x0000000708a00000| Untracked 
|   9|0x0000000708b00000, 0x0000000708b00000, 0x0000000708c00000|  0%| F|  |TAMS 0x0000000708b00000, 0x0000000708b00000| Untracked 
|  10|0x0000000708c00000, 0x0000000708c00000, 0x0000000708d00000|  0%| F|  |TAMS 0x0000000708c00000, 0x0000000708c00000| Untracked 
|  11|0x0000000708d00000, 0x0000000708d00000, 0x0000000708e00000|  0%| F|  |TAMS 0x0000000708d00000, 0x0000000708d00000| Untracked 
|  12|0x0000000708e00000, 0x0000000708e00000, 0x0000000708f00000|  0%| F|  |TAMS 0x0000000708e00000, 0x0000000708e00000| Untracked 
|  13|0x0000000708f00000, 0x0000000708f00000, 0x0000000709000000|  0%| F|  |TAMS 0x0000000708f00000, 0x0000000708f00000| Untracked 
|  14|0x0000000709000000, 0x0000000709000000, 0x0000000709100000|  0%| F|  |TAMS 0x0000000709000000, 0x0000000709000000| Untracked 
|  15|0x0000000709100000, 0x0000000709100000, 0x0000000709200000|  0%| F|  |TAMS 0x0000000709100000, 0x0000000709100000| Untracked 
|  16|0x0000000709200000, 0x0000000709200000, 0x0000000709300000|  0%| F|  |TAMS 0x0000000709200000, 0x0000000709200000| Untracked 
|  17|0x0000000709300000, 0x0000000709300000, 0x0000000709400000|  0%| F|  |TAMS 0x0000000709300000, 0x0000000709300000| Untracked 
|  18|0x0000000709400000, 0x0000000709400000, 0x0000000709500000|  0%| F|  |TAMS 0x0000000709400000, 0x0000000709400000| Untracked 
|  19|0x0000000709500000, 0x0000000709500000, 0x0000000709600000|  0%| F|  |TAMS 0x0000000709500000, 0x0000000709500000| Untracked 
|  20|0x0000000709600000, 0x0000000709600000, 0x0000000709700000|  0%| F|  |TAMS 0x0000000709600000, 0x0000000709600000| Untracked 
|  21|0x0000000709700000, 0x0000000709700000, 0x0000000709800000|  0%| F|  |TAMS 0x0000000709700000, 0x0000000709700000| Untracked 
|  22|0x0000000709800000, 0x0000000709800000, 0x0000000709900000|  0%| F|  |TAMS 0x0000000709800000, 0x0000000709800000| Untracked 
|  23|0x0000000709900000, 0x0000000709900000, 0x0000000709a00000|  0%| F|  |TAMS 0x0000000709900000, 0x0000000709900000| Untracked 
|  24|0x0000000709a00000, 0x0000000709a00000, 0x0000000709b00000|  0%| F|  |TAMS 0x0000000709a00000, 0x0000000709a00000| Untracked 
|  25|0x0000000709b00000, 0x0000000709b00000, 0x0000000709c00000|  0%| F|  |TAMS 0x0000000709b00000, 0x0000000709b00000| Untracked 
|  26|0x0000000709c00000, 0x0000000709c00000, 0x0000000709d00000|  0%| F|  |TAMS 0x0000000709c00000, 0x0000000709c00000| Untracked 
|  27|0x0000000709d00000, 0x0000000709d00000, 0x0000000709e00000|  0%| F|  |TAMS 0x0000000709d00000, 0x0000000709d00000| Untracked 
|  28|0x0000000709e00000, 0x0000000709e00000, 0x0000000709f00000|  0%| F|  |TAMS 0x0000000709e00000, 0x0000000709e00000| Untracked 
|  29|0x0000000709f00000, 0x0000000709f00000, 0x000000070a000000|  0%| F|  |TAMS 0x0000000709f00000, 0x0000000709f00000| Untracked 
|  30|0x000000070a000000, 0x000000070a000000, 0x000000070a100000|  0%| F|  |TAMS 0x000000070a000000, 0x000000070a000000| Untracked 
|  31|0x000000070a100000, 0x000000070a100000, 0x000000070a200000|  0%| F|  |TAMS 0x000000070a100000, 0x000000070a100000| Untracked 
|  32|0x000000070a200000, 0x000000070a200000, 0x000000070a300000|  0%| F|  |TAMS 0x000000070a200000, 0x000000070a200000| Untracked 
|  33|0x000000070a300000, 0x000000070a300000, 0x000000070a400000|  0%| F|  |TAMS 0x000000070a300000, 0x000000070a300000| Untracked 
|  34|0x000000070a400000, 0x000000070a400000, 0x000000070a500000|  0%| F|  |TAMS 0x000000070a400000, 0x000000070a400000| Untracked 
|  35|0x000000070a500000, 0x000000070a500000, 0x000000070a600000|  0%| F|  |TAMS 0x000000070a500000, 0x000000070a500000| Untracked 
|  36|0x000000070a600000, 0x000000070a600000, 0x000000070a700000|  0%| F|  |TAMS 0x000000070a600000, 0x000000070a600000| Untracked 
|  37|0x000000070a700000, 0x000000070a700000, 0x000000070a800000|  0%| F|  |TAMS 0x000000070a700000, 0x000000070a700000| Untracked 
|  38|0x000000070a800000, 0x000000070a800000, 0x000000070a900000|  0%| F|  |TAMS 0x000000070a800000, 0x000000070a800000| Untracked 
|  39|0x000000070a900000, 0x000000070a900000, 0x000000070aa00000|  0%| F|  |TAMS 0x000000070a900000, 0x000000070a900000| Untracked 
|  40|0x000000070aa00000, 0x000000070aa00000, 0x000000070ab00000|  0%| F|  |TAMS 0x000000070aa00000, 0x000000070aa00000| Untracked 
|  41|0x000000070ab00000, 0x000000070ab00000, 0x000000070ac00000|  0%| F|  |TAMS 0x000000070ab00000, 0x000000070ab00000| Untracked 
|  42|0x000000070ac00000, 0x000000070ac00000, 0x000000070ad00000|  0%| F|  |TAMS 0x000000070ac00000, 0x000000070ac00000| Untracked 
|  43|0x000000070ad00000, 0x000000070ad00000, 0x000000070ae00000|  0%| F|  |TAMS 0x000000070ad00000, 0x000000070ad00000| Untracked 
|  44|0x000000070ae00000, 0x000000070ae00000, 0x000000070af00000|  0%| F|  |TAMS 0x000000070ae00000, 0x000000070ae00000| Untracked 
|  45|0x000000070af00000, 0x000000070af00000, 0x000000070b000000|  0%| F|  |TAMS 0x000000070af00000, 0x000000070af00000| Untracked 
|  46|0x000000070b000000, 0x000000070b000000, 0x000000070b100000|  0%| F|  |TAMS 0x000000070b000000, 0x000000070b000000| Untracked 
|  47|0x000000070b100000, 0x000000070b100000, 0x000000070b200000|  0%| F|  |TAMS 0x000000070b100000, 0x000000070b100000| Untracked 
|  48|0x000000070b200000, 0x000000070b200000, 0x000000070b300000|  0%| F|  |TAMS 0x000000070b200000, 0x000000070b200000| Untracked 
|  49|0x000000070b300000, 0x000000070b300000, 0x000000070b400000|  0%| F|  |TAMS 0x000000070b300000, 0x000000070b300000| Untracked 
|  50|0x000000070b400000, 0x000000070b400000, 0x000000070b500000|  0%| F|  |TAMS 0x000000070b400000, 0x000000070b400000| Untracked 
|  51|0x000000070b500000, 0x000000070b500000, 0x000000070b600000|  0%| F|  |TAMS 0x000000070b500000, 0x000000070b500000| Untracked 
|  52|0x000000070b600000, 0x000000070b600000, 0x000000070b700000|  0%| F|  |TAMS 0x000000070b600000, 0x000000070b600000| Untracked 
|  53|0x000000070b700000, 0x000000070b700000, 0x000000070b800000|  0%| F|  |TAMS 0x000000070b700000, 0x000000070b700000| Untracked 
|  54|0x000000070b800000, 0x000000070b800000, 0x000000070b900000|  0%| F|  |TAMS 0x000000070b800000, 0x000000070b800000| Untracked 
|  55|0x000000070b900000, 0x000000070b900000, 0x000000070ba00000|  0%| F|  |TAMS 0x000000070b900000, 0x000000070b900000| Untracked 
|  56|0x000000070ba00000, 0x000000070ba00000, 0x000000070bb00000|  0%| F|  |TAMS 0x000000070ba00000, 0x000000070ba00000| Untracked 
|  57|0x000000070bb00000, 0x000000070bb00000, 0x000000070bc00000|  0%| F|  |TAMS 0x000000070bb00000, 0x000000070bb00000| Untracked 
|  58|0x000000070bc00000, 0x000000070bc00000, 0x000000070bd00000|  0%| F|  |TAMS 0x000000070bc00000, 0x000000070bc00000| Untracked 
|  59|0x000000070bd00000, 0x000000070bd00000, 0x000000070be00000|  0%| F|  |TAMS 0x000000070bd00000, 0x000000070bd00000| Untracked 
|  60|0x000000070be00000, 0x000000070be00000, 0x000000070bf00000|  0%| F|  |TAMS 0x000000070be00000, 0x000000070be00000| Untracked 
|  61|0x000000070bf00000, 0x000000070bf00000, 0x000000070c000000|  0%| F|  |TAMS 0x000000070bf00000, 0x000000070bf00000| Untracked 
|  62|0x000000070c000000, 0x000000070c000000, 0x000000070c100000|  0%| F|  |TAMS 0x000000070c000000, 0x000000070c000000| Untracked 
|  63|0x000000070c100000, 0x000000070c100000, 0x000000070c200000|  0%| F|  |TAMS 0x000000070c100000, 0x000000070c100000| Untracked 
|  64|0x000000070c200000, 0x000000070c200000, 0x000000070c300000|  0%| F|  |TAMS 0x000000070c200000, 0x000000070c200000| Untracked 
|  65|0x000000070c300000, 0x000000070c300000, 0x000000070c400000|  0%| F|  |TAMS 0x000000070c300000, 0x000000070c300000| Untracked 
|  66|0x000000070c400000, 0x000000070c400000, 0x000000070c500000|  0%| F|  |TAMS 0x000000070c400000, 0x000000070c400000| Untracked 
|  67|0x000000070c500000, 0x000000070c500000, 0x000000070c600000|  0%| F|  |TAMS 0x000000070c500000, 0x000000070c500000| Untracked 
|  68|0x000000070c600000, 0x000000070c600000, 0x000000070c700000|  0%| F|  |TAMS 0x000000070c600000, 0x000000070c600000| Untracked 
|  69|0x000000070c700000, 0x000000070c700000, 0x000000070c800000|  0%| F|  |TAMS 0x000000070c700000, 0x000000070c700000| Untracked 
|  70|0x000000070c800000, 0x000000070c800000, 0x000000070c900000|  0%| F|  |TAMS 0x000000070c800000, 0x000000070c800000| Untracked 
|  71|0x000000070c900000, 0x000000070c900000, 0x000000070ca00000|  0%| F|  |TAMS 0x000000070c900000, 0x000000070c900000| Untracked 
|  72|0x000000070ca00000, 0x000000070ca00000, 0x000000070cb00000|  0%| F|  |TAMS 0x000000070ca00000, 0x000000070ca00000| Untracked 
|  73|0x000000070cb00000, 0x000000070cb00000, 0x000000070cc00000|  0%| F|  |TAMS 0x000000070cb00000, 0x000000070cb00000| Untracked 
|  74|0x000000070cc00000, 0x000000070cc00000, 0x000000070cd00000|  0%| F|  |TAMS 0x000000070cc00000, 0x000000070cc00000| Untracked 
|  75|0x000000070cd00000, 0x000000070cd00000, 0x000000070ce00000|  0%| F|  |TAMS 0x000000070cd00000, 0x000000070cd00000| Untracked 
|  76|0x000000070ce00000, 0x000000070ce00000, 0x000000070cf00000|  0%| F|  |TAMS 0x000000070ce00000, 0x000000070ce00000| Untracked 
|  77|0x000000070cf00000, 0x000000070cf00000, 0x000000070d000000|  0%| F|  |TAMS 0x000000070cf00000, 0x000000070cf00000| Untracked 
|  78|0x000000070d000000, 0x000000070d000000, 0x000000070d100000|  0%| F|  |TAMS 0x000000070d000000, 0x000000070d000000| Untracked 
|  79|0x000000070d100000, 0x000000070d100000, 0x000000070d200000|  0%| F|  |TAMS 0x000000070d100000, 0x000000070d100000| Untracked 
|  80|0x000000070d200000, 0x000000070d200000, 0x000000070d300000|  0%| F|  |TAMS 0x000000070d200000, 0x000000070d200000| Untracked 
|  81|0x000000070d300000, 0x000000070d300000, 0x000000070d400000|  0%| F|  |TAMS 0x000000070d300000, 0x000000070d300000| Untracked 
|  82|0x000000070d400000, 0x000000070d400000, 0x000000070d500000|  0%| F|  |TAMS 0x000000070d400000, 0x000000070d400000| Untracked 
|  83|0x000000070d500000, 0x000000070d500000, 0x000000070d600000|  0%| F|  |TAMS 0x000000070d500000, 0x000000070d500000| Untracked 
|  84|0x000000070d600000, 0x000000070d600000, 0x000000070d700000|  0%| F|  |TAMS 0x000000070d600000, 0x000000070d600000| Untracked 
|  85|0x000000070d700000, 0x000000070d700000, 0x000000070d800000|  0%| F|  |TAMS 0x000000070d700000, 0x000000070d700000| Untracked 
|  86|0x000000070d800000, 0x000000070d800000, 0x000000070d900000|  0%| F|  |TAMS 0x000000070d800000, 0x000000070d800000| Untracked 
|  87|0x000000070d900000, 0x000000070d900000, 0x000000070da00000|  0%| F|  |TAMS 0x000000070d900000, 0x000000070d900000| Untracked 
|  88|0x000000070da00000, 0x000000070da00000, 0x000000070db00000|  0%| F|  |TAMS 0x000000070da00000, 0x000000070da00000| Untracked 
|  89|0x000000070db00000, 0x000000070db00000, 0x000000070dc00000|  0%| F|  |TAMS 0x000000070db00000, 0x000000070db00000| Untracked 
|  90|0x000000070dc00000, 0x000000070dc00000, 0x000000070dd00000|  0%| F|  |TAMS 0x000000070dc00000, 0x000000070dc00000| Untracked 
|  91|0x000000070dd00000, 0x000000070dd00000, 0x000000070de00000|  0%| F|  |TAMS 0x000000070dd00000, 0x000000070dd00000| Untracked 
|  92|0x000000070de00000, 0x000000070de00000, 0x000000070df00000|  0%| F|  |TAMS 0x000000070de00000, 0x000000070de00000| Untracked 
|  93|0x000000070df00000, 0x000000070df00000, 0x000000070e000000|  0%| F|  |TAMS 0x000000070df00000, 0x000000070df00000| Untracked 
|  94|0x000000070e000000, 0x000000070e000000, 0x000000070e100000|  0%| F|  |TAMS 0x000000070e000000, 0x000000070e000000| Untracked 
|  95|0x000000070e100000, 0x000000070e100000, 0x000000070e200000|  0%| F|  |TAMS 0x000000070e100000, 0x000000070e100000| Untracked 
|  96|0x000000070e200000, 0x000000070e200000, 0x000000070e300000|  0%| F|  |TAMS 0x000000070e200000, 0x000000070e200000| Untracked 
|  97|0x000000070e300000, 0x000000070e300000, 0x000000070e400000|  0%| F|  |TAMS 0x000000070e300000, 0x000000070e300000| Untracked 
|  98|0x000000070e400000, 0x000000070e400000, 0x000000070e500000|  0%| F|  |TAMS 0x000000070e400000, 0x000000070e400000| Untracked 
|  99|0x000000070e500000, 0x000000070e500000, 0x000000070e600000|  0%| F|  |TAMS 0x000000070e500000, 0x000000070e500000| Untracked 
| 100|0x000000070e600000, 0x000000070e600000, 0x000000070e700000|  0%| F|  |TAMS 0x000000070e600000, 0x000000070e600000| Untracked 
| 101|0x000000070e700000, 0x000000070e700000, 0x000000070e800000|  0%| F|  |TAMS 0x000000070e700000, 0x000000070e700000| Untracked 
| 102|0x000000070e800000, 0x000000070e800000, 0x000000070e900000|  0%| F|  |TAMS 0x000000070e800000, 0x000000070e800000| Untracked 
| 103|0x000000070e900000, 0x000000070e900000, 0x000000070ea00000|  0%| F|  |TAMS 0x000000070e900000, 0x000000070e900000| Untracked 
| 104|0x000000070ea00000, 0x000000070ea00000, 0x000000070eb00000|  0%| F|  |TAMS 0x000000070ea00000, 0x000000070ea00000| Untracked 
| 105|0x000000070eb00000, 0x000000070eb00000, 0x000000070ec00000|  0%| F|  |TAMS 0x000000070eb00000, 0x000000070eb00000| Untracked 
| 106|0x000000070ec00000, 0x000000070ec00000, 0x000000070ed00000|  0%| F|  |TAMS 0x000000070ec00000, 0x000000070ec00000| Untracked 
| 107|0x000000070ed00000, 0x000000070ed00000, 0x000000070ee00000|  0%| F|  |TAMS 0x000000070ed00000, 0x000000070ed00000| Untracked 
| 108|0x000000070ee00000, 0x000000070ee00000, 0x000000070ef00000|  0%| F|  |TAMS 0x000000070ee00000, 0x000000070ee00000| Untracked 
| 109|0x000000070ef00000, 0x000000070ef00000, 0x000000070f000000|  0%| F|  |TAMS 0x000000070ef00000, 0x000000070ef00000| Untracked 
| 110|0x000000070f000000, 0x000000070f000000, 0x000000070f100000|  0%| F|  |TAMS 0x000000070f000000, 0x000000070f000000| Untracked 
| 111|0x000000070f100000, 0x000000070f100000, 0x000000070f200000|  0%| F|  |TAMS 0x000000070f100000, 0x000000070f100000| Untracked 
| 112|0x000000070f200000, 0x000000070f200000, 0x000000070f300000|  0%| F|  |TAMS 0x000000070f200000, 0x000000070f200000| Untracked 
| 113|0x000000070f300000, 0x000000070f300000, 0x000000070f400000|  0%| F|  |TAMS 0x000000070f300000, 0x000000070f300000| Untracked 
| 114|0x000000070f400000, 0x000000070f400000, 0x000000070f500000|  0%| F|  |TAMS 0x000000070f400000, 0x000000070f400000| Untracked 
| 115|0x000000070f500000, 0x000000070f500000, 0x000000070f600000|  0%| F|  |TAMS 0x000000070f500000, 0x000000070f500000| Untracked 
| 116|0x000000070f600000, 0x000000070f600000, 0x000000070f700000|  0%| F|  |TAMS 0x000000070f600000, 0x000000070f600000| Untracked 
| 117|0x000000070f700000, 0x000000070f700000, 0x000000070f800000|  0%| F|  |TAMS 0x000000070f700000, 0x000000070f700000| Untracked 
| 118|0x000000070f800000, 0x000000070f800000, 0x000000070f900000|  0%| F|  |TAMS 0x000000070f800000, 0x000000070f800000| Untracked 
| 119|0x000000070f900000, 0x000000070f900000, 0x000000070fa00000|  0%| F|  |TAMS 0x000000070f900000, 0x000000070f900000| Untracked 
| 120|0x000000070fa00000, 0x000000070fa00000, 0x000000070fb00000|  0%| F|  |TAMS 0x000000070fa00000, 0x000000070fa00000| Untracked 
| 121|0x000000070fb00000, 0x000000070fb00000, 0x000000070fc00000|  0%| F|  |TAMS 0x000000070fb00000, 0x000000070fb00000| Untracked 
| 122|0x000000070fc00000, 0x000000070fc00000, 0x000000070fd00000|  0%| F|  |TAMS 0x000000070fc00000, 0x000000070fc00000| Untracked 
| 123|0x000000070fd00000, 0x000000070fd00000, 0x000000070fe00000|  0%| F|  |TAMS 0x000000070fd00000, 0x000000070fd00000| Untracked 
| 124|0x000000070fe00000, 0x000000070fe00000, 0x000000070ff00000|  0%| F|  |TAMS 0x000000070fe00000, 0x000000070fe00000| Untracked 
| 125|0x000000070ff00000, 0x000000070ff00000, 0x0000000710000000|  0%| F|  |TAMS 0x000000070ff00000, 0x000000070ff00000| Untracked 
| 126|0x0000000710000000, 0x0000000710000000, 0x0000000710100000|  0%| F|  |TAMS 0x0000000710000000, 0x0000000710000000| Untracked 
| 127|0x0000000710100000, 0x0000000710100000, 0x0000000710200000|  0%| F|  |TAMS 0x0000000710100000, 0x0000000710100000| Untracked 
| 128|0x0000000710200000, 0x0000000710200000, 0x0000000710300000|  0%| F|  |TAMS 0x0000000710200000, 0x0000000710200000| Untracked 
| 129|0x0000000710300000, 0x0000000710300000, 0x0000000710400000|  0%| F|  |TAMS 0x0000000710300000, 0x0000000710300000| Untracked 
| 130|0x0000000710400000, 0x0000000710400000, 0x0000000710500000|  0%| F|  |TAMS 0x0000000710400000, 0x0000000710400000| Untracked 
| 131|0x0000000710500000, 0x0000000710500000, 0x0000000710600000|  0%| F|  |TAMS 0x0000000710500000, 0x0000000710500000| Untracked 
| 132|0x0000000710600000, 0x0000000710600000, 0x0000000710700000|  0%| F|  |TAMS 0x0000000710600000, 0x0000000710600000| Untracked 
| 133|0x0000000710700000, 0x0000000710700000, 0x0000000710800000|  0%| F|  |TAMS 0x0000000710700000, 0x0000000710700000| Untracked 
| 134|0x0000000710800000, 0x0000000710800000, 0x0000000710900000|  0%| F|  |TAMS 0x0000000710800000, 0x0000000710800000| Untracked 
| 135|0x0000000710900000, 0x0000000710900000, 0x0000000710a00000|  0%| F|  |TAMS 0x0000000710900000, 0x0000000710900000| Untracked 
| 136|0x0000000710a00000, 0x0000000710a00000, 0x0000000710b00000|  0%| F|  |TAMS 0x0000000710a00000, 0x0000000710a00000| Untracked 
| 137|0x0000000710b00000, 0x0000000710b00000, 0x0000000710c00000|  0%| F|  |TAMS 0x0000000710b00000, 0x0000000710b00000| Untracked 
| 138|0x0000000710c00000, 0x0000000710c00000, 0x0000000710d00000|  0%| F|  |TAMS 0x0000000710c00000, 0x0000000710c00000| Untracked 
| 139|0x0000000710d00000, 0x0000000710d00000, 0x0000000710e00000|  0%| F|  |TAMS 0x0000000710d00000, 0x0000000710d00000| Untracked 
| 140|0x0000000710e00000, 0x0000000710e00000, 0x0000000710f00000|  0%| F|  |TAMS 0x0000000710e00000, 0x0000000710e00000| Untracked 
| 141|0x0000000710f00000, 0x0000000710f00000, 0x0000000711000000|  0%| F|  |TAMS 0x0000000710f00000, 0x0000000710f00000| Untracked 
| 142|0x0000000711000000, 0x0000000711000000, 0x0000000711100000|  0%| F|  |TAMS 0x0000000711000000, 0x0000000711000000| Untracked 
| 143|0x0000000711100000, 0x0000000711100000, 0x0000000711200000|  0%| F|  |TAMS 0x0000000711100000, 0x0000000711100000| Untracked 
| 144|0x0000000711200000, 0x0000000711200000, 0x0000000711300000|  0%| F|  |TAMS 0x0000000711200000, 0x0000000711200000| Untracked 
| 145|0x0000000711300000, 0x0000000711300000, 0x0000000711400000|  0%| F|  |TAMS 0x0000000711300000, 0x0000000711300000| Untracked 
| 146|0x0000000711400000, 0x0000000711400000, 0x0000000711500000|  0%| F|  |TAMS 0x0000000711400000, 0x0000000711400000| Untracked 
| 147|0x0000000711500000, 0x0000000711500000, 0x0000000711600000|  0%| F|  |TAMS 0x0000000711500000, 0x0000000711500000| Untracked 
| 148|0x0000000711600000, 0x0000000711600000, 0x0000000711700000|  0%| F|  |TAMS 0x0000000711600000, 0x0000000711600000| Untracked 
| 149|0x0000000711700000, 0x0000000711700000, 0x0000000711800000|  0%| F|  |TAMS 0x0000000711700000, 0x0000000711700000| Untracked 
| 150|0x0000000711800000, 0x0000000711800000, 0x0000000711900000|  0%| F|  |TAMS 0x0000000711800000, 0x0000000711800000| Untracked 
| 151|0x0000000711900000, 0x0000000711900000, 0x0000000711a00000|  0%| F|  |TAMS 0x0000000711900000, 0x0000000711900000| Untracked 
| 152|0x0000000711a00000, 0x0000000711a00000, 0x0000000711b00000|  0%| F|  |TAMS 0x0000000711a00000, 0x0000000711a00000| Untracked 
| 153|0x0000000711b00000, 0x0000000711b00000, 0x0000000711c00000|  0%| F|  |TAMS 0x0000000711b00000, 0x0000000711b00000| Untracked 
| 154|0x0000000711c00000, 0x0000000711c00000, 0x0000000711d00000|  0%| F|  |TAMS 0x0000000711c00000, 0x0000000711c00000| Untracked 
| 155|0x0000000711d00000, 0x0000000711d00000, 0x0000000711e00000|  0%| F|  |TAMS 0x0000000711d00000, 0x0000000711d00000| Untracked 
| 156|0x0000000711e00000, 0x0000000711e00000, 0x0000000711f00000|  0%| F|  |TAMS 0x0000000711e00000, 0x0000000711e00000| Untracked 
| 157|0x0000000711f00000, 0x0000000711f00000, 0x0000000712000000|  0%| F|  |TAMS 0x0000000711f00000, 0x0000000711f00000| Untracked 
| 158|0x0000000712000000, 0x0000000712000000, 0x0000000712100000|  0%| F|  |TAMS 0x0000000712000000, 0x0000000712000000| Untracked 
| 159|0x0000000712100000, 0x0000000712100000, 0x0000000712200000|  0%| F|  |TAMS 0x0000000712100000, 0x0000000712100000| Untracked 
| 160|0x0000000712200000, 0x0000000712200000, 0x0000000712300000|  0%| F|  |TAMS 0x0000000712200000, 0x0000000712200000| Untracked 
| 161|0x0000000712300000, 0x0000000712300000, 0x0000000712400000|  0%| F|  |TAMS 0x0000000712300000, 0x0000000712300000| Untracked 
| 162|0x0000000712400000, 0x0000000712400000, 0x0000000712500000|  0%| F|  |TAMS 0x0000000712400000, 0x0000000712400000| Untracked 
| 163|0x0000000712500000, 0x0000000712500000, 0x0000000712600000|  0%| F|  |TAMS 0x0000000712500000, 0x0000000712500000| Untracked 
| 164|0x0000000712600000, 0x0000000712600000, 0x0000000712700000|  0%| F|  |TAMS 0x0000000712600000, 0x0000000712600000| Untracked 
| 165|0x0000000712700000, 0x0000000712700000, 0x0000000712800000|  0%| F|  |TAMS 0x0000000712700000, 0x0000000712700000| Untracked 
| 166|0x0000000712800000, 0x0000000712800000, 0x0000000712900000|  0%| F|  |TAMS 0x0000000712800000, 0x0000000712800000| Untracked 
| 167|0x0000000712900000, 0x0000000712900000, 0x0000000712a00000|  0%| F|  |TAMS 0x0000000712900000, 0x0000000712900000| Untracked 
| 168|0x0000000712a00000, 0x0000000712a00000, 0x0000000712b00000|  0%| F|  |TAMS 0x0000000712a00000, 0x0000000712a00000| Untracked 
| 169|0x0000000712b00000, 0x0000000712b00000, 0x0000000712c00000|  0%| F|  |TAMS 0x0000000712b00000, 0x0000000712b00000| Untracked 
| 170|0x0000000712c00000, 0x0000000712c00000, 0x0000000712d00000|  0%| F|  |TAMS 0x0000000712c00000, 0x0000000712c00000| Untracked 
| 171|0x0000000712d00000, 0x0000000712d00000, 0x0000000712e00000|  0%| F|  |TAMS 0x0000000712d00000, 0x0000000712d00000| Untracked 
| 172|0x0000000712e00000, 0x0000000712e00000, 0x0000000712f00000|  0%| F|  |TAMS 0x0000000712e00000, 0x0000000712e00000| Untracked 
| 173|0x0000000712f00000, 0x0000000712f00000, 0x0000000713000000|  0%| F|  |TAMS 0x0000000712f00000, 0x0000000712f00000| Untracked 
| 174|0x0000000713000000, 0x0000000713000000, 0x0000000713100000|  0%| F|  |TAMS 0x0000000713000000, 0x0000000713000000| Untracked 
| 175|0x0000000713100000, 0x0000000713100000, 0x0000000713200000|  0%| F|  |TAMS 0x0000000713100000, 0x0000000713100000| Untracked 
| 176|0x0000000713200000, 0x0000000713200000, 0x0000000713300000|  0%| F|  |TAMS 0x0000000713200000, 0x0000000713200000| Untracked 
| 177|0x0000000713300000, 0x0000000713300000, 0x0000000713400000|  0%| F|  |TAMS 0x0000000713300000, 0x0000000713300000| Untracked 
| 178|0x0000000713400000, 0x0000000713400000, 0x0000000713500000|  0%| F|  |TAMS 0x0000000713400000, 0x0000000713400000| Untracked 
| 179|0x0000000713500000, 0x0000000713500000, 0x0000000713600000|  0%| F|  |TAMS 0x0000000713500000, 0x0000000713500000| Untracked 
| 180|0x0000000713600000, 0x0000000713600000, 0x0000000713700000|  0%| F|  |TAMS 0x0000000713600000, 0x0000000713600000| Untracked 
| 181|0x0000000713700000, 0x0000000713700000, 0x0000000713800000|  0%| F|  |TAMS 0x0000000713700000, 0x0000000713700000| Untracked 
| 182|0x0000000713800000, 0x0000000713800000, 0x0000000713900000|  0%| F|  |TAMS 0x0000000713800000, 0x0000000713800000| Untracked 
| 183|0x0000000713900000, 0x0000000713900000, 0x0000000713a00000|  0%| F|  |TAMS 0x0000000713900000, 0x0000000713900000| Untracked 
| 184|0x0000000713a00000, 0x0000000713a00000, 0x0000000713b00000|  0%| F|  |TAMS 0x0000000713a00000, 0x0000000713a00000| Untracked 
| 185|0x0000000713b00000, 0x0000000713b00000, 0x0000000713c00000|  0%| F|  |TAMS 0x0000000713b00000, 0x0000000713b00000| Untracked 
| 186|0x0000000713c00000, 0x0000000713c00000, 0x0000000713d00000|  0%| F|  |TAMS 0x0000000713c00000, 0x0000000713c00000| Untracked 
| 187|0x0000000713d00000, 0x0000000713d00000, 0x0000000713e00000|  0%| F|  |TAMS 0x0000000713d00000, 0x0000000713d00000| Untracked 
| 188|0x0000000713e00000, 0x0000000713e00000, 0x0000000713f00000|  0%| F|  |TAMS 0x0000000713e00000, 0x0000000713e00000| Untracked 
| 189|0x0000000713f00000, 0x0000000713f00000, 0x0000000714000000|  0%| F|  |TAMS 0x0000000713f00000, 0x0000000713f00000| Untracked 
| 190|0x0000000714000000, 0x0000000714000000, 0x0000000714100000|  0%| F|  |TAMS 0x0000000714000000, 0x0000000714000000| Untracked 
| 191|0x0000000714100000, 0x0000000714100000, 0x0000000714200000|  0%| F|  |TAMS 0x0000000714100000, 0x0000000714100000| Untracked 
| 192|0x0000000714200000, 0x0000000714200000, 0x0000000714300000|  0%| F|  |TAMS 0x0000000714200000, 0x0000000714200000| Untracked 
| 193|0x0000000714300000, 0x0000000714300000, 0x0000000714400000|  0%| F|  |TAMS 0x0000000714300000, 0x0000000714300000| Untracked 
| 194|0x0000000714400000, 0x0000000714400000, 0x0000000714500000|  0%| F|  |TAMS 0x0000000714400000, 0x0000000714400000| Untracked 
| 195|0x0000000714500000, 0x0000000714500000, 0x0000000714600000|  0%| F|  |TAMS 0x0000000714500000, 0x0000000714500000| Untracked 
| 196|0x0000000714600000, 0x0000000714600000, 0x0000000714700000|  0%| F|  |TAMS 0x0000000714600000, 0x0000000714600000| Untracked 
| 197|0x0000000714700000, 0x0000000714700000, 0x0000000714800000|  0%| F|  |TAMS 0x0000000714700000, 0x0000000714700000| Untracked 
| 198|0x0000000714800000, 0x0000000714800000, 0x0000000714900000|  0%| F|  |TAMS 0x0000000714800000, 0x0000000714800000| Untracked 
| 199|0x0000000714900000, 0x0000000714900000, 0x0000000714a00000|  0%| F|  |TAMS 0x0000000714900000, 0x0000000714900000| Untracked 
| 200|0x0000000714a00000, 0x0000000714a00000, 0x0000000714b00000|  0%| F|  |TAMS 0x0000000714a00000, 0x0000000714a00000| Untracked 
| 201|0x0000000714b00000, 0x0000000714b00000, 0x0000000714c00000|  0%| F|  |TAMS 0x0000000714b00000, 0x0000000714b00000| Untracked 
| 202|0x0000000714c00000, 0x0000000714c00000, 0x0000000714d00000|  0%| F|  |TAMS 0x0000000714c00000, 0x0000000714c00000| Untracked 
| 203|0x0000000714d00000, 0x0000000714d00000, 0x0000000714e00000|  0%| F|  |TAMS 0x0000000714d00000, 0x0000000714d00000| Untracked 
| 204|0x0000000714e00000, 0x0000000714e00000, 0x0000000714f00000|  0%| F|  |TAMS 0x0000000714e00000, 0x0000000714e00000| Untracked 
| 205|0x0000000714f00000, 0x0000000714f00000, 0x0000000715000000|  0%| F|  |TAMS 0x0000000714f00000, 0x0000000714f00000| Untracked 
| 206|0x0000000715000000, 0x0000000715000000, 0x0000000715100000|  0%| F|  |TAMS 0x0000000715000000, 0x0000000715000000| Untracked 
| 207|0x0000000715100000, 0x0000000715100000, 0x0000000715200000|  0%| F|  |TAMS 0x0000000715100000, 0x0000000715100000| Untracked 
| 208|0x0000000715200000, 0x0000000715200000, 0x0000000715300000|  0%| F|  |TAMS 0x0000000715200000, 0x0000000715200000| Untracked 
| 209|0x0000000715300000, 0x0000000715300000, 0x0000000715400000|  0%| F|  |TAMS 0x0000000715300000, 0x0000000715300000| Untracked 
| 210|0x0000000715400000, 0x0000000715400000, 0x0000000715500000|  0%| F|  |TAMS 0x0000000715400000, 0x0000000715400000| Untracked 
| 211|0x0000000715500000, 0x0000000715500000, 0x0000000715600000|  0%| F|  |TAMS 0x0000000715500000, 0x0000000715500000| Untracked 
| 212|0x0000000715600000, 0x0000000715600000, 0x0000000715700000|  0%| F|  |TAMS 0x0000000715600000, 0x0000000715600000| Untracked 
| 213|0x0000000715700000, 0x0000000715700000, 0x0000000715800000|  0%| F|  |TAMS 0x0000000715700000, 0x0000000715700000| Untracked 
| 214|0x0000000715800000, 0x0000000715800000, 0x0000000715900000|  0%| F|  |TAMS 0x0000000715800000, 0x0000000715800000| Untracked 
| 215|0x0000000715900000, 0x0000000715900000, 0x0000000715a00000|  0%| F|  |TAMS 0x0000000715900000, 0x0000000715900000| Untracked 
| 216|0x0000000715a00000, 0x0000000715a00000, 0x0000000715b00000|  0%| F|  |TAMS 0x0000000715a00000, 0x0000000715a00000| Untracked 
| 217|0x0000000715b00000, 0x0000000715b00000, 0x0000000715c00000|  0%| F|  |TAMS 0x0000000715b00000, 0x0000000715b00000| Untracked 
| 218|0x0000000715c00000, 0x0000000715c00000, 0x0000000715d00000|  0%| F|  |TAMS 0x0000000715c00000, 0x0000000715c00000| Untracked 
| 219|0x0000000715d00000, 0x0000000715d00000, 0x0000000715e00000|  0%| F|  |TAMS 0x0000000715d00000, 0x0000000715d00000| Untracked 
| 220|0x0000000715e00000, 0x0000000715e00000, 0x0000000715f00000|  0%| F|  |TAMS 0x0000000715e00000, 0x0000000715e00000| Untracked 
| 221|0x0000000715f00000, 0x0000000715f00000, 0x0000000716000000|  0%| F|  |TAMS 0x0000000715f00000, 0x0000000715f00000| Untracked 
| 222|0x0000000716000000, 0x0000000716000000, 0x0000000716100000|  0%| F|  |TAMS 0x0000000716000000, 0x0000000716000000| Untracked 
| 223|0x0000000716100000, 0x0000000716100000, 0x0000000716200000|  0%| F|  |TAMS 0x0000000716100000, 0x0000000716100000| Untracked 
| 224|0x0000000716200000, 0x0000000716200000, 0x0000000716300000|  0%| F|  |TAMS 0x0000000716200000, 0x0000000716200000| Untracked 
| 225|0x0000000716300000, 0x0000000716300000, 0x0000000716400000|  0%| F|  |TAMS 0x0000000716300000, 0x0000000716300000| Untracked 
| 226|0x0000000716400000, 0x0000000716400000, 0x0000000716500000|  0%| F|  |TAMS 0x0000000716400000, 0x0000000716400000| Untracked 
| 227|0x0000000716500000, 0x0000000716500000, 0x0000000716600000|  0%| F|  |TAMS 0x0000000716500000, 0x0000000716500000| Untracked 
| 228|0x0000000716600000, 0x0000000716600000, 0x0000000716700000|  0%| F|  |TAMS 0x0000000716600000, 0x0000000716600000| Untracked 
| 229|0x0000000716700000, 0x0000000716700000, 0x0000000716800000|  0%| F|  |TAMS 0x0000000716700000, 0x0000000716700000| Untracked 
| 230|0x0000000716800000, 0x0000000716800000, 0x0000000716900000|  0%| F|  |TAMS 0x0000000716800000, 0x0000000716800000| Untracked 
| 231|0x0000000716900000, 0x0000000716900000, 0x0000000716a00000|  0%| F|  |TAMS 0x0000000716900000, 0x0000000716900000| Untracked 
| 232|0x0000000716a00000, 0x0000000716a00000, 0x0000000716b00000|  0%| F|  |TAMS 0x0000000716a00000, 0x0000000716a00000| Untracked 
| 233|0x0000000716b00000, 0x0000000716b7d190, 0x0000000716c00000| 48%| E|  |TAMS 0x0000000716b00000, 0x0000000716b00000| Complete 
| 234|0x0000000716c00000, 0x0000000716d00000, 0x0000000716d00000|100%| E|CS|TAMS 0x0000000716c00000, 0x0000000716c00000| Complete 
| 235|0x0000000716d00000, 0x0000000716e00000, 0x0000000716e00000|100%| E|CS|TAMS 0x0000000716d00000, 0x0000000716d00000| Complete 
| 236|0x0000000716e00000, 0x0000000716f00000, 0x0000000716f00000|100%| E|CS|TAMS 0x0000000716e00000, 0x0000000716e00000| Complete 
| 237|0x0000000716f00000, 0x0000000717000000, 0x0000000717000000|100%| E|CS|TAMS 0x0000000716f00000, 0x0000000716f00000| Complete 
| 238|0x0000000717000000, 0x0000000717100000, 0x0000000717100000|100%| E|CS|TAMS 0x0000000717000000, 0x0000000717000000| Complete 
| 239|0x0000000717100000, 0x0000000717200000, 0x0000000717200000|100%| E|CS|TAMS 0x0000000717100000, 0x0000000717100000| Complete 
| 240|0x0000000717200000, 0x0000000717300000, 0x0000000717300000|100%| E|CS|TAMS 0x0000000717200000, 0x0000000717200000| Complete 
| 241|0x0000000717300000, 0x0000000717400000, 0x0000000717400000|100%| E|CS|TAMS 0x0000000717300000, 0x0000000717300000| Complete 
| 242|0x0000000717400000, 0x0000000717500000, 0x0000000717500000|100%| E|CS|TAMS 0x0000000717400000, 0x0000000717400000| Complete 
| 243|0x0000000717500000, 0x0000000717600000, 0x0000000717600000|100%| E|  |TAMS 0x0000000717500000, 0x0000000717500000| Complete 
| 244|0x0000000717600000, 0x0000000717700000, 0x0000000717700000|100%| E|CS|TAMS 0x0000000717600000, 0x0000000717600000| Complete 
| 245|0x0000000717700000, 0x0000000717800000, 0x0000000717800000|100%| E|CS|TAMS 0x0000000717700000, 0x0000000717700000| Complete 
| 246|0x0000000717800000, 0x0000000717900000, 0x0000000717900000|100%| E|CS|TAMS 0x0000000717800000, 0x0000000717800000| Complete 
| 247|0x0000000717900000, 0x0000000717a00000, 0x0000000717a00000|100%| E|CS|TAMS 0x0000000717900000, 0x0000000717900000| Complete 
|2940|0x00000007bfe00000, 0x00000007bfe48000, 0x00000007bff00000| 28%|OA|  |TAMS 0x00000007bfe00000, 0x00000007bfe00000| Untracked 
|2941|0x00000007bff00000, 0x00000007bff6b000, 0x00000007c0000000| 41%|CA|  |TAMS 0x00000007bff00000, 0x00000007bff00000| Untracked 

Card table byte_map: [0x00007f6e6af81000,0x00007f6e6b740000] _byte_map_base: 0x00007f6e67740000

Marking Bits (Prev, Next): (CMBitMap*) 0x00007f6e8807bae8, (CMBitMap*) 0x00007f6e8807bb20
 Prev Bits: [0x00007f6e669ca000, 0x00007f6e6a7c2000)
 Next Bits: [0x00007f6e62bd2000, 0x00007f6e669ca000)

Polling page: 0x00007f6e8dc0c000

Metaspace:

Usage:
  Non-class:      5.64 MB capacity,     4.85 MB ( 86%) used,   805.92 KB ( 14%) free+waste,     8.75 KB ( <1%) overhead. 
      Class:    712.00 KB capacity,   607.23 KB ( 85%) used,   100.08 KB ( 14%) free+waste,     4.69 KB ( <1%) overhead. 
       Both:      6.34 MB capacity,     5.44 MB ( 86%) used,   906.00 KB ( 14%) free+waste,    13.44 KB ( <1%) overhead. 

Virtual space:
  Non-class space:        8.00 MB reserved,       5.75 MB ( 72%) committed 
      Class space:        1.00 GB reserved,     768.00 KB ( <1%) committed 
             Both:        1.01 GB reserved,       6.50 MB ( <1%) committed 

Chunk freelists:
   Non-Class:  60.00 KB
       Class:  0 bytes
        Both:  60.00 KB

MaxMetaspaceSize: unlimited
CompressedClassSpaceSize: 1.00 GB
Initial GC threshold: 20.80 MB
Current GC threshold: 20.80 MB
CDS: on

CodeHeap 'non-profiled nmethods': size=120032Kb used=336Kb max_used=336Kb free=119695Kb
 bounds [0x00007f6e782d9000, 0x00007f6e78549000, 0x00007f6e7f811000]
CodeHeap 'profiled nmethods': size=120028Kb used=1706Kb max_used=1706Kb free=118321Kb
 bounds [0x00007f6e70da2000, 0x00007f6e71012000, 0x00007f6e782d9000]
CodeHeap 'non-nmethods': size=5700Kb used=1132Kb max_used=1150Kb free=4568Kb
 bounds [0x00007f6e70811000, 0x00007f6e70a81000, 0x00007f6e70da2000]
 total_blobs=1351 nmethods=963 adapters=302
 compilation: enabled
              stopped_count=0, restarted_count=0
 full_count=0

Compilation events (20 events):
Event: 2.608 Thread 0x00007f6e8823f800  956       4       sun.reflect.generics.parser.SignatureParser::skipIdentifier (67 bytes)
Event: 2.608 Thread 0x00007f6e88241800 nmethod 954 0x00007f6e70f41990 code [0x00007f6e70f41b60, 0x00007f6e70f41da0]
Event: 2.608 Thread 0x00007f6e88241800  955       3       sun.reflect.generics.factory.CoreReflectionFactory::getDeclsLoader (85 bytes)
Event: 2.610 Thread 0x00007f6e88241800 nmethod 955 0x00007f6e70f41f10 code [0x00007f6e70f422a0, 0x00007f6e70f44170]
Event: 2.610 Thread 0x00007f6e88241800  958       3       java.util.stream.StreamOpFlag::isKnown (19 bytes)
Event: 2.610 Thread 0x00007f6e88241800 nmethod 958 0x00007f6e70f44890 code [0x00007f6e70f44a40, 0x00007f6e70f44bb0]
Event: 2.610 Thread 0x00007f6e88241800  960       3       sun.reflect.annotation.AnnotationInvocationHandler::invoke (178 bytes)
Event: 2.611 Thread 0x00007f6e88241800 nmethod 960 0x00007f6e70f44c10 code [0x00007f6e70f44f20, 0x00007f6e70f46080]
Event: 2.611 Thread 0x00007f6e88241800  957       3       sun.reflect.generics.visitor.Reifier::visitClassTypeSignature (381 bytes)
Event: 2.612 Thread 0x00007f6e34112800 nmethod 947 0x00007f6e7832c190 code [0x00007f6e7832c340, 0x00007f6e7832c778]
Event: 2.613 Thread 0x00007f6e8823f800 nmethod 956 0x00007f6e7832c990 code [0x00007f6e7832cb40, 0x00007f6e7832cd78]
Event: 2.614 Thread 0x00007f6e88241800 nmethod 957 0x00007f6e70f46610 code [0x00007f6e70f46b00, 0x00007f6e70f48ff0]
Event: 2.614 Thread 0x00007f6e88241800  959       1       java.util.stream.Node::getChildCount (2 bytes)
Event: 2.614 Thread 0x00007f6e88241800 nmethod 959 0x00007f6e7832d010 code [0x00007f6e7832d1c0, 0x00007f6e7832d290]
Event: 2.614 Thread 0x00007f6e88241800  961       3       java.util.zip.ZipEntry::<init> (79 bytes)
Event: 2.614 Thread 0x00007f6e88241800 nmethod 961 0x00007f6e70f49e10 code [0x00007f6e70f4a020, 0x00007f6e70f4a5d0]
Event: 2.623 Thread 0x00007f6e88241800  962       3       java.util.WeakHashMap::remove (133 bytes)
Event: 2.623 Thread 0x00007f6e88241800 nmethod 962 0x00007f6e70f4a810 code [0x00007f6e70f4aa60, 0x00007f6e70f4b5a0]
Event: 2.627 Thread 0x00007f6e88241800  963   !   3       jdk.internal.loader.URLClassPath$JarLoader::checkResource (78 bytes)
Event: 2.628 Thread 0x00007f6e88241800 nmethod 963 0x00007f6e70f4b990 code [0x00007f6e70f4bbe0, 0x00007f6e70f4c600]

GC Heap History (0 events):
No events

Deoptimization events (20 events):
Event: 2.308 Thread 0x00007f6e88016000 Uncommon trap: trap_request=0xffffff4d fr.pc=0x00007f6e7830a674 relative=0x00000000000001b4
Event: 2.308 Thread 0x00007f6e88016000 Uncommon trap: reason=unstable_if action=reinterpret pc=0x00007f6e7830a674 method=java.util.HashMap.getNode(ILjava/lang/Object;)Ljava/util/HashMap$Node; @ 129 c2
Event: 2.308 Thread 0x00007f6e88016000 DEOPT PACKING pc=0x00007f6e7830a674 sp=0x00007f6e8c3c02c0
Event: 2.308 Thread 0x00007f6e88016000 DEOPT UNPACKING pc=0x00007f6e7085aea5 sp=0x00007f6e8c3c01f0 mode 2
Event: 2.308 Thread 0x00007f6e88016000 Uncommon trap: trap_request=0xffffffde fr.pc=0x00007f6e78308238 relative=0x00000000000009b8
Event: 2.308 Thread 0x00007f6e88016000 Uncommon trap: reason=class_check action=maybe_recompile pc=0x00007f6e78308238 method=java.util.HashMap.putVal(ILjava/lang/Object;Ljava/lang/Object;ZZ)Ljava/lang/Object; @ 203 c2
Event: 2.308 Thread 0x00007f6e88016000 DEOPT PACKING pc=0x00007f6e78308238 sp=0x00007f6e8c3c0230
Event: 2.308 Thread 0x00007f6e88016000 DEOPT UNPACKING pc=0x00007f6e7085aea5 sp=0x00007f6e8c3c01d0 mode 2
Event: 2.377 Thread 0x00007f6e88016000 Uncommon trap: trap_request=0xffffffde fr.pc=0x00007f6e78307e18 relative=0x0000000000000598
Event: 2.377 Thread 0x00007f6e88016000 Uncommon trap: reason=class_check action=maybe_recompile pc=0x00007f6e78307e18 method=java.util.HashMap.putVal(ILjava/lang/Object;Ljava/lang/Object;ZZ)Ljava/lang/Object; @ 253 c2
Event: 2.377 Thread 0x00007f6e88016000 DEOPT PACKING pc=0x00007f6e78307e18 sp=0x00007f6e8c3c20e0
Event: 2.377 Thread 0x00007f6e88016000 DEOPT UNPACKING pc=0x00007f6e7085aea5 sp=0x00007f6e8c3c2080 mode 2
Event: 2.378 Thread 0x00007f6e88016000 Uncommon trap: trap_request=0xffffffde fr.pc=0x00007f6e78307e18 relative=0x0000000000000598
Event: 2.378 Thread 0x00007f6e88016000 Uncommon trap: reason=class_check action=maybe_recompile pc=0x00007f6e78307e18 method=java.util.HashMap.putVal(ILjava/lang/Object;Ljava/lang/Object;ZZ)Ljava/lang/Object; @ 253 c2
Event: 2.378 Thread 0x00007f6e88016000 DEOPT PACKING pc=0x00007f6e78307e18 sp=0x00007f6e8c3c20e0
Event: 2.378 Thread 0x00007f6e88016000 DEOPT UNPACKING pc=0x00007f6e7085aea5 sp=0x00007f6e8c3c2080 mode 2
Event: 2.380 Thread 0x00007f6e88016000 Uncommon trap: trap_request=0xffffff4d fr.pc=0x00007f6e783097c0 relative=0x0000000000000200
Event: 2.381 Thread 0x00007f6e88016000 Uncommon trap: reason=unstable_if action=reinterpret pc=0x00007f6e783097c0 method=java.util.HashMap.getNode(ILjava/lang/Object;)Ljava/util/HashMap$Node; @ 129 c2
Event: 2.381 Thread 0x00007f6e88016000 DEOPT PACKING pc=0x00007f6e783097c0 sp=0x00007f6e8c3c0210
Event: 2.381 Thread 0x00007f6e88016000 DEOPT UNPACKING pc=0x00007f6e7085aea5 sp=0x00007f6e8c3c01a0 mode 2

Classes redefined (0 events):
No events

Internal exceptions (3 events):
Event: 1.941 Thread 0x00007f6e88016000 Exception <a 'java/lang/NoSuchMethodError'{0x0000000717366070}: 'void java.lang.invoke.DirectMethodHandle$Holder.invokeVirtual(java.lang.Object, java.lang.Object)'> (0x0000000717366070) thrown at [src/hotspot/share/interpreter/linkResolver.cpp, line 772]
Event: 2.600 Thread 0x00007f6e88016000 Exception <a 'java/lang/NoSuchMethodError'{0x0000000716c72630}: 'void java.lang.invoke.DirectMethodHandle$Holder.invokeSpecial(java.lang.Object, java.lang.Object, java.lang.Object, java.lang.Object)'> (0x0000000716c72630) thrown at [src/hotspot/share/interpreter/linkResolver.cpp, line 772]
Event: 2.628 Thread 0x00007f6e88016000 Implicit null exception at 0x00007f6e70efc01c to 0x0000000000000000

Events (20 events):
Event: 2.600 loading class org/eclipse/lsp4j/jsonrpc/services/AnnotationUtil$MethodInfo
Event: 2.600 loading class org/eclipse/lsp4j/jsonrpc/services/AnnotationUtil$MethodInfo done
Event: 2.600 loading class org/eclipse/lsp4j/jsonrpc/services/GenericEndpoint
Event: 2.600 loading class org/eclipse/lsp4j/jsonrpc/services/GenericEndpoint done
Event: 2.601 loading class org/eclipse/lsp4j/jsonrpc/services/AnnotationUtil$MethodInfo
Event: 2.601 loading class org/eclipse/lsp4j/jsonrpc/services/AnnotationUtil$MethodInfo done
Event: 2.601 loading class org/eclipse/lsp4j/jsonrpc/services/GenericEndpoint
Event: 2.601 loading class org/eclipse/lsp4j/jsonrpc/services/GenericEndpoint done
Event: 2.602 loading class org/eclipse/lsp4j/jsonrpc/services/GenericEndpoint
Event: 2.602 loading class org/eclipse/lsp4j/jsonrpc/services/GenericEndpoint done
Event: 2.609 loading class com/microsoft/gradle/compile/GradleCompilationUnit
Event: 2.609 loading class com/microsoft/gradle/compile/GradleCompilationUnit done
Event: 2.609 loading class org/codehaus/groovy/control/CompilationUnit
Event: 2.609 loading class org/codehaus/groovy/control/CompilationUnit done
Event: 2.624 loading class org/codehaus/groovy/control/ProcessingUnit
Event: 2.624 loading class org/codehaus/groovy/control/ProcessingUnit done
Event: 2.627 loading class org/codehaus/groovy/control/ErrorCollector
Event: 2.627 loading class org/codehaus/groovy/control/ErrorCollector done
Event: 2.627 loading class org/eclipse/lsp4j/Position
Event: 2.627 loading class org/eclipse/lsp4j/Position done


Dynamic libraries:
708200000-717a00000 rw-p 00000000 00:00 0 
717a00000-7bfe00000 ---p 00000000 00:00 0 
7bfe00000-7bfe48000 rw-p 00b0a000 08:02 15076200                         /usr/lib/jvm/java-11-openjdk-amd64/lib/server/classes.jsa
7bfe48000-7bff00000 rw-p 00000000 00:00 0 
7bff00000-7bff6b000 rw-p 00a9f000 08:02 15076200                         /usr/lib/jvm/java-11-openjdk-amd64/lib/server/classes.jsa
7bff6b000-7c0000000 rw-p 00000000 00:00 0 
7c0000000-800000000 ---p 00000000 00:00 0 
800000000-800002000 rwxp 00001000 08:02 15076200                         /usr/lib/jvm/java-11-openjdk-amd64/lib/server/classes.jsa
800002000-8003cc000 rw-p 00003000 08:02 15076200                         /usr/lib/jvm/java-11-openjdk-amd64/lib/server/classes.jsa
8003cc000-800a9d000 r--p 003cd000 08:02 15076200                         /usr/lib/jvm/java-11-openjdk-amd64/lib/server/classes.jsa
800a9d000-800a9e000 rw-p 00a9e000 08:02 15076200                         /usr/lib/jvm/java-11-openjdk-amd64/lib/server/classes.jsa
840000000-8400c0000 rw-p 00000000 00:00 0 
8400c0000-880000000 ---p 00000000 00:00 0 
5648953ad000-5648953ae000 r--p 00000000 08:02 15075698                   /usr/lib/jvm/java-11-openjdk-amd64/bin/java
5648953ae000-5648953af000 r-xp 00001000 08:02 15075698                   /usr/lib/jvm/java-11-openjdk-amd64/bin/java
5648953af000-5648953b0000 r--p 00002000 08:02 15075698                   /usr/lib/jvm/java-11-openjdk-amd64/bin/java
5648953b0000-5648953b1000 r--p 00002000 08:02 15075698                   /usr/lib/jvm/java-11-openjdk-amd64/bin/java
5648953b1000-5648953b2000 rw-p 00003000 08:02 15075698                   /usr/lib/jvm/java-11-openjdk-amd64/bin/java
564897273000-564897294000 rw-p 00000000 00:00 0                          [heap]
7f6e20000000-7f6e20021000 rw-p 00000000 00:00 0 
7f6e20021000-7f6e24000000 ---p 00000000 00:00 0 
7f6e24000000-7f6e240c6000 rw-p 00000000 00:00 0 
7f6e240c6000-7f6e28000000 ---p 00000000 00:00 0 
7f6e28000000-7f6e28021000 rw-p 00000000 00:00 0 
7f6e28021000-7f6e2c000000 ---p 00000000 00:00 0 
7f6e2c000000-7f6e2c021000 rw-p 00000000 00:00 0 
7f6e2c021000-7f6e30000000 ---p 00000000 00:00 0 
7f6e30000000-7f6e30bac000 rw-p 00000000 00:00 0 
7f6e30bac000-7f6e34000000 ---p 00000000 00:00 0 
7f6e34000000-7f6e3411f000 rw-p 00000000 00:00 0 
7f6e3411f000-7f6e38000000 ---p 00000000 00:00 0 
7f6e38000000-7f6e38021000 rw-p 00000000 00:00 0 
7f6e38021000-7f6e3c000000 ---p 00000000 00:00 0 
7f6e3c000000-7f6e3c021000 rw-p 00000000 00:00 0 
7f6e3c021000-7f6e40000000 ---p 00000000 00:00 0 
7f6e40000000-7f6e40021000 rw-p 00000000 00:00 0 
7f6e40021000-7f6e44000000 ---p 00000000 00:00 0 
7f6e44000000-7f6e44021000 rw-p 00000000 00:00 0 
7f6e44021000-7f6e48000000 ---p 00000000 00:00 0 
7f6e48000000-7f6e48021000 rw-p 00000000 00:00 0 
7f6e48021000-7f6e4c000000 ---p 00000000 00:00 0 
7f6e4c000000-7f6e4c021000 rw-p 00000000 00:00 0 
7f6e4c021000-7f6e50000000 ---p 00000000 00:00 0 
7f6e50000000-7f6e50021000 rw-p 00000000 00:00 0 
7f6e50021000-7f6e54000000 ---p 00000000 00:00 0 
7f6e54000000-7f6e54021000 rw-p 00000000 00:00 0 
7f6e54021000-7f6e58000000 ---p 00000000 00:00 0 
7f6e5a57f000-7f6e5a583000 ---p 00000000 00:00 0 
7f6e5a583000-7f6e5a680000 rw-p 00000000 00:00 0 
7f6e5a680000-7f6e5a684000 ---p 00000000 00:00 0 
7f6e5a684000-7f6e5a781000 rw-p 00000000 00:00 0 
7f6e5a781000-7f6e5a782000 ---p 00000000 00:00 0 
7f6e5a782000-7f6e5a883000 rw-p 00000000 00:00 0 
7f6e5a883000-7f6e5a887000 ---p 00000000 00:00 0 
7f6e5a887000-7f6e5a984000 rw-p 00000000 00:00 0 
7f6e5a984000-7f6e5a988000 ---p 00000000 00:00 0 
7f6e5a988000-7f6e5aa85000 rw-p 00000000 00:00 0 
7f6e5aa85000-7f6e5aa89000 ---p 00000000 00:00 0 
7f6e5aa89000-7f6e5ab86000 rw-p 00000000 00:00 0 
7f6e5ab86000-7f6e5ab8a000 ---p 00000000 00:00 0 
7f6e5ab8a000-7f6e5ac87000 rw-p 00000000 00:00 0 
7f6e5ac87000-7f6e5ac8b000 ---p 00000000 00:00 0 
7f6e5ac8b000-7f6e5ad88000 rw-p 00000000 00:00 0 
7f6e5ad88000-7f6e5b2f8000 r--p 00000000 08:02 14942676                   /usr/lib/locale/locale-archive
7f6e5b2f8000-7f6e5b2fc000 ---p 00000000 00:00 0 
7f6e5b2fc000-7f6e5b3f9000 rw-p 00000000 00:00 0 
7f6e5b3f9000-7f6e5b3fd000 ---p 00000000 00:00 0 
7f6e5b3fd000-7f6e5b4fa000 rw-p 00000000 00:00 0 
7f6e5b4fa000-7f6e5b4fb000 ---p 00000000 00:00 0 
7f6e5b4fb000-7f6e5bbbc000 rw-p 00000000 00:00 0 
7f6e5bbbc000-7f6e5bdfc000 ---p 00000000 00:00 0 
7f6e5bdfc000-7f6e5bdfd000 ---p 00000000 00:00 0 
7f6e5bdfd000-7f6e5befe000 rw-p 00000000 00:00 0 
7f6e5befe000-7f6e5beff000 ---p 00000000 00:00 0 
7f6e5beff000-7f6e5c000000 rw-p 00000000 00:00 0 
7f6e5c000000-7f6e5c021000 rw-p 00000000 00:00 0 
7f6e5c021000-7f6e60000000 ---p 00000000 00:00 0 
7f6e60019000-7f6e6001d000 r--p 00000000 08:02 15075853                   /usr/lib/jvm/java-11-openjdk-amd64/lib/libnet.so
7f6e6001d000-7f6e6002b000 r-xp 00004000 08:02 15075853                   /usr/lib/jvm/java-11-openjdk-amd64/lib/libnet.so
7f6e6002b000-7f6e6002f000 r--p 00012000 08:02 15075853                   /usr/lib/jvm/java-11-openjdk-amd64/lib/libnet.so
7f6e6002f000-7f6e60030000 r--p 00015000 08:02 15075853                   /usr/lib/jvm/java-11-openjdk-amd64/lib/libnet.so
7f6e60030000-7f6e60031000 rw-p 00016000 08:02 15075853                   /usr/lib/jvm/java-11-openjdk-amd64/lib/libnet.so
7f6e60031000-7f6e60038000 r--p 00000000 08:02 15075854                   /usr/lib/jvm/java-11-openjdk-amd64/lib/libnio.so
7f6e60038000-7f6e60040000 r-xp 00007000 08:02 15075854                   /usr/lib/jvm/java-11-openjdk-amd64/lib/libnio.so
7f6e60040000-7f6e60043000 r--p 0000f000 08:02 15075854                   /usr/lib/jvm/java-11-openjdk-amd64/lib/libnio.so
7f6e60043000-7f6e60044000 r--p 00011000 08:02 15075854                   /usr/lib/jvm/java-11-openjdk-amd64/lib/libnio.so
7f6e60044000-7f6e60045000 rw-p 00012000 08:02 15075854                   /usr/lib/jvm/java-11-openjdk-amd64/lib/libnio.so
7f6e60045000-7f6e628ce000 rw-p 00000000 00:00 0 
7f6e628ce000-7f6e628cf000 ---p 00000000 00:00 0 
7f6e628cf000-7f6e629d0000 rw-p 00000000 00:00 0 
7f6e629d0000-7f6e629d1000 ---p 00000000 00:00 0 
7f6e629d1000-7f6e62fb2000 rw-p 00000000 00:00 0 
7f6e62fb2000-7f6e659c2000 ---p 00000000 00:00 0 
7f6e659c2000-7f6e659ca000 rw-p 00000000 00:00 0 
7f6e659ca000-7f6e669ca000 ---p 00000000 00:00 0 
7f6e669ca000-7f6e66daa000 rw-p 00000000 00:00 0 
7f6e66daa000-7f6e697ba000 ---p 00000000 00:00 0 
7f6e697ba000-7f6e697c2000 rw-p 00000000 00:00 0 
7f6e697c2000-7f6e6a7c2000 ---p 00000000 00:00 0 
7f6e6a7c2000-7f6e6a83e000 rw-p 00000000 00:00 0 
7f6e6a83e000-7f6e6ad80000 ---p 00000000 00:00 0 
7f6e6ad80000-7f6e6ad81000 rw-p 00000000 00:00 0 
7f6e6ad81000-7f6e6af81000 ---p 00000000 00:00 0 
7f6e6af81000-7f6e6affd000 rw-p 00000000 00:00 0 
7f6e6affd000-7f6e6b53f000 ---p 00000000 00:00 0 
7f6e6b53f000-7f6e6b540000 rw-p 00000000 00:00 0 
7f6e6b540000-7f6e6b740000 ---p 00000000 00:00 0 
7f6e6b740000-7f6e6b7bc000 rw-p 00000000 00:00 0 
7f6e6b7bc000-7f6e6bcfe000 ---p 00000000 00:00 0 
7f6e6bcfe000-7f6e6bcff000 rw-p 00000000 00:00 0 
7f6e6bcff000-7f6e6beff000 ---p 00000000 00:00 0 
7f6e6beff000-7f6e6c000000 rw-p 00000000 00:00 0 
7f6e6c000000-7f6e6c021000 rw-p 00000000 00:00 0 
7f6e6c021000-7f6e70000000 ---p 00000000 00:00 0 
7f6e70008000-7f6e7070f000 rw-p 00000000 00:00 0 
7f6e7070f000-7f6e70710000 ---p 00000000 00:00 0 
7f6e70710000-7f6e70811000 rw-p 00000000 00:00 0 
7f6e70811000-7f6e70a81000 rwxp 00000000 00:00 0 
7f6e70a81000-7f6e70da2000 ---p 00000000 00:00 0 
7f6e70da2000-7f6e71012000 rwxp 00000000 00:00 0 
7f6e71012000-7f6e782d9000 ---p 00000000 00:00 0 
7f6e782d9000-7f6e78549000 rwxp 00000000 00:00 0 
7f6e78549000-7f6e7f811000 ---p 00000000 00:00 0 
7f6e7f811000-7f6e88000000 r--s 00000000 08:02 15075863                   /usr/lib/jvm/java-11-openjdk-amd64/lib/modules
7f6e88000000-7f6e884b9000 rw-p 00000000 00:00 0 
7f6e884b9000-7f6e8c000000 ---p 00000000 00:00 0 
7f6e8c00c000-7f6e8c06c000 rw-p 00000000 00:00 0 
7f6e8c06c000-7f6e8c152000 ---p 00000000 00:00 0 
7f6e8c152000-7f6e8c157000 rw-p 00000000 00:00 0 
7f6e8c157000-7f6e8c23d000 ---p 00000000 00:00 0 
7f6e8c23d000-7f6e8c242000 rw-p 00000000 00:00 0 
7f6e8c242000-7f6e8c249000 ---p 00000000 00:00 0 
7f6e8c249000-7f6e8c24b000 r--p 00000000 08:02 15075862                   /usr/lib/jvm/java-11-openjdk-amd64/lib/libzip.so
7f6e8c24b000-7f6e8c250000 r-xp 00002000 08:02 15075862                   /usr/lib/jvm/java-11-openjdk-amd64/lib/libzip.so
7f6e8c250000-7f6e8c252000 r--p 00007000 08:02 15075862                   /usr/lib/jvm/java-11-openjdk-amd64/lib/libzip.so
7f6e8c252000-7f6e8c253000 r--p 00008000 08:02 15075862                   /usr/lib/jvm/java-11-openjdk-amd64/lib/libzip.so
7f6e8c253000-7f6e8c254000 rw-p 00009000 08:02 15075862                   /usr/lib/jvm/java-11-openjdk-amd64/lib/libzip.so
7f6e8c254000-7f6e8c257000 r--p 00000000 08:02 14942689                   /usr/lib/x86_64-linux-gnu/libnss_files-2.31.so
7f6e8c257000-7f6e8c25e000 r-xp 00003000 08:02 14942689                   /usr/lib/x86_64-linux-gnu/libnss_files-2.31.so
7f6e8c25e000-7f6e8c260000 r--p 0000a000 08:02 14942689                   /usr/lib/x86_64-linux-gnu/libnss_files-2.31.so
7f6e8c260000-7f6e8c261000 r--p 0000b000 08:02 14942689                   /usr/lib/x86_64-linux-gnu/libnss_files-2.31.so
7f6e8c261000-7f6e8c262000 rw-p 0000c000 08:02 14942689                   /usr/lib/x86_64-linux-gnu/libnss_files-2.31.so
7f6e8c262000-7f6e8c268000 rw-p 00000000 00:00 0 
7f6e8c26a000-7f6e8c271000 r--s 00000000 08:02 15733930                   /usr/lib/x86_64-linux-gnu/gconv/gconv-modules.cache
7f6e8c271000-7f6e8c279000 rw-s 00000000 08:02 14680113                   /tmp/hsperfdata_divum/4822
7f6e8c279000-7f6e8c287000 r--p 00000000 08:02 15075842                   /usr/lib/jvm/java-11-openjdk-amd64/lib/libjava.so
7f6e8c287000-7f6e8c29d000 r-xp 0000e000 08:02 15075842                   /usr/lib/jvm/java-11-openjdk-amd64/lib/libjava.so
7f6e8c29d000-7f6e8c2a4000 r--p 00024000 08:02 15075842                   /usr/lib/jvm/java-11-openjdk-amd64/lib/libjava.so
7f6e8c2a4000-7f6e8c2a5000 r--p 0002a000 08:02 15075842                   /usr/lib/jvm/java-11-openjdk-amd64/lib/libjava.so
7f6e8c2a5000-7f6e8c2a6000 rw-p 0002b000 08:02 15075842                   /usr/lib/jvm/java-11-openjdk-amd64/lib/libjava.so
7f6e8c2a6000-7f6e8c2a7000 rw-p 00000000 00:00 0 
7f6e8c2a7000-7f6e8c2ac000 r--p 00000000 08:02 15075861                   /usr/lib/jvm/java-11-openjdk-amd64/lib/libverify.so
7f6e8c2ac000-7f6e8c2b3000 r-xp 00005000 08:02 15075861                   /usr/lib/jvm/java-11-openjdk-amd64/lib/libverify.so
7f6e8c2b3000-7f6e8c2b5000 r--p 0000c000 08:02 15075861                   /usr/lib/jvm/java-11-openjdk-amd64/lib/libverify.so
7f6e8c2b5000-7f6e8c2b6000 ---p 0000e000 08:02 15075861                   /usr/lib/jvm/java-11-openjdk-amd64/lib/libverify.so
7f6e8c2b6000-7f6e8c2b8000 r--p 0000e000 08:02 15075861                   /usr/lib/jvm/java-11-openjdk-amd64/lib/libverify.so
7f6e8c2b8000-7f6e8c2b9000 rw-p 00010000 08:02 15075861                   /usr/lib/jvm/java-11-openjdk-amd64/lib/libverify.so
7f6e8c2b9000-7f6e8c2bb000 r--p 00000000 08:02 14944402                   /usr/lib/x86_64-linux-gnu/librt-2.31.so
7f6e8c2bb000-7f6e8c2bf000 r-xp 00002000 08:02 14944402                   /usr/lib/x86_64-linux-gnu/librt-2.31.so
7f6e8c2bf000-7f6e8c2c1000 r--p 00006000 08:02 14944402                   /usr/lib/x86_64-linux-gnu/librt-2.31.so
7f6e8c2c1000-7f6e8c2c2000 r--p 00007000 08:02 14944402                   /usr/lib/x86_64-linux-gnu/librt-2.31.so
7f6e8c2c2000-7f6e8c2c3000 rw-p 00008000 08:02 14944402                   /usr/lib/x86_64-linux-gnu/librt-2.31.so
7f6e8c2c3000-7f6e8c2c7000 ---p 00000000 00:00 0 
7f6e8c2c7000-7f6e8c3c4000 rw-p 00000000 00:00 0 
7f6e8c3c4000-7f6e8c3c7000 r--p 00000000 08:02 14949812                   /usr/lib/x86_64-linux-gnu/libgcc_s.so.1
7f6e8c3c7000-7f6e8c3d9000 r-xp 00003000 08:02 14949812                   /usr/lib/x86_64-linux-gnu/libgcc_s.so.1
7f6e8c3d9000-7f6e8c3dd000 r--p 00015000 08:02 14949812                   /usr/lib/x86_64-linux-gnu/libgcc_s.so.1
7f6e8c3dd000-7f6e8c3de000 r--p 00018000 08:02 14949812                   /usr/lib/x86_64-linux-gnu/libgcc_s.so.1
7f6e8c3de000-7f6e8c3df000 rw-p 00019000 08:02 14949812                   /usr/lib/x86_64-linux-gnu/libgcc_s.so.1
7f6e8c3df000-7f6e8c3ec000 r--p 00000000 08:02 14942683                   /usr/lib/x86_64-linux-gnu/libm-2.31.so
7f6e8c3ec000-7f6e8c493000 r-xp 0000d000 08:02 14942683                   /usr/lib/x86_64-linux-gnu/libm-2.31.so
7f6e8c493000-7f6e8c52c000 r--p 000b4000 08:02 14942683                   /usr/lib/x86_64-linux-gnu/libm-2.31.so
7f6e8c52c000-7f6e8c52d000 r--p 0014c000 08:02 14942683                   /usr/lib/x86_64-linux-gnu/libm-2.31.so
7f6e8c52d000-7f6e8c52e000 rw-p 0014d000 08:02 14942683                   /usr/lib/x86_64-linux-gnu/libm-2.31.so
7f6e8c52e000-7f6e8c5c4000 r--p 00000000 08:02 14950615                   /usr/lib/x86_64-linux-gnu/libstdc++.so.6.0.28
7f6e8c5c4000-7f6e8c6b5000 r-xp 00096000 08:02 14950615                   /usr/lib/x86_64-linux-gnu/libstdc++.so.6.0.28
7f6e8c6b5000-7f6e8c6fe000 r--p 00187000 08:02 14950615                   /usr/lib/x86_64-linux-gnu/libstdc++.so.6.0.28
7f6e8c6fe000-7f6e8c6ff000 ---p 001d0000 08:02 14950615                   /usr/lib/x86_64-linux-gnu/libstdc++.so.6.0.28
7f6e8c6ff000-7f6e8c70a000 r--p 001d0000 08:02 14950615                   /usr/lib/x86_64-linux-gnu/libstdc++.so.6.0.28
7f6e8c70a000-7f6e8c70d000 rw-p 001db000 08:02 14950615                   /usr/lib/x86_64-linux-gnu/libstdc++.so.6.0.28
7f6e8c70d000-7f6e8c710000 rw-p 00000000 00:00 0 
7f6e8c710000-7f6e8c992000 r--p 00000000 08:02 15075868                   /usr/lib/jvm/java-11-openjdk-amd64/lib/server/libjvm.so
7f6e8c992000-7f6e8d61a000 r-xp 00282000 08:02 15075868                   /usr/lib/jvm/java-11-openjdk-amd64/lib/server/libjvm.so
7f6e8d61a000-7f6e8d877000 r--p 00f0a000 08:02 15075868                   /usr/lib/jvm/java-11-openjdk-amd64/lib/server/libjvm.so
7f6e8d877000-7f6e8d93b000 r--p 01166000 08:02 15075868                   /usr/lib/jvm/java-11-openjdk-amd64/lib/server/libjvm.so
7f6e8d93b000-7f6e8d976000 rw-p 0122a000 08:02 15075868                   /usr/lib/jvm/java-11-openjdk-amd64/lib/server/libjvm.so
7f6e8d976000-7f6e8d9cf000 rw-p 00000000 00:00 0 
7f6e8d9cf000-7f6e8d9d5000 r--p 00000000 08:02 14944399                   /usr/lib/x86_64-linux-gnu/libpthread-2.31.so
7f6e8d9d5000-7f6e8d9e6000 r-xp 00006000 08:02 14944399                   /usr/lib/x86_64-linux-gnu/libpthread-2.31.so
7f6e8d9e6000-7f6e8d9ec000 r--p 00017000 08:02 14944399                   /usr/lib/x86_64-linux-gnu/libpthread-2.31.so
7f6e8d9ec000-7f6e8d9ed000 r--p 0001c000 08:02 14944399                   /usr/lib/x86_64-linux-gnu/libpthread-2.31.so
7f6e8d9ed000-7f6e8d9ee000 rw-p 0001d000 08:02 14944399                   /usr/lib/x86_64-linux-gnu/libpthread-2.31.so
7f6e8d9ee000-7f6e8d9f2000 rw-p 00000000 00:00 0 
7f6e8d9f2000-7f6e8d9f3000 r--p 00000000 08:02 14942682                   /usr/lib/x86_64-linux-gnu/libdl-2.31.so
7f6e8d9f3000-7f6e8d9f5000 r-xp 00001000 08:02 14942682                   /usr/lib/x86_64-linux-gnu/libdl-2.31.so
7f6e8d9f5000-7f6e8d9f6000 r--p 00003000 08:02 14942682                   /usr/lib/x86_64-linux-gnu/libdl-2.31.so
7f6e8d9f6000-7f6e8d9f7000 r--p 00003000 08:02 14942682                   /usr/lib/x86_64-linux-gnu/libdl-2.31.so
7f6e8d9f7000-7f6e8d9f8000 rw-p 00004000 08:02 14942682                   /usr/lib/x86_64-linux-gnu/libdl-2.31.so
7f6e8d9f8000-7f6e8d9fa000 r--p 00000000 08:02 14943189                   /usr/lib/x86_64-linux-gnu/libz.so.1.2.11
7f6e8d9fa000-7f6e8da0b000 r-xp 00002000 08:02 14943189                   /usr/lib/x86_64-linux-gnu/libz.so.1.2.11
7f6e8da0b000-7f6e8da11000 r--p 00013000 08:02 14943189                   /usr/lib/x86_64-linux-gnu/libz.so.1.2.11
7f6e8da11000-7f6e8da12000 ---p 00019000 08:02 14943189                   /usr/lib/x86_64-linux-gnu/libz.so.1.2.11
7f6e8da12000-7f6e8da13000 r--p 00019000 08:02 14943189                   /usr/lib/x86_64-linux-gnu/libz.so.1.2.11
7f6e8da13000-7f6e8da14000 rw-p 0001a000 08:02 14943189                   /usr/lib/x86_64-linux-gnu/libz.so.1.2.11
7f6e8da14000-7f6e8da36000 r--p 00000000 08:02 14942681                   /usr/lib/x86_64-linux-gnu/libc-2.31.so
7f6e8da36000-7f6e8dbae000 r-xp 00022000 08:02 14942681                   /usr/lib/x86_64-linux-gnu/libc-2.31.so
7f6e8dbae000-7f6e8dbfc000 r--p 0019a000 08:02 14942681                   /usr/lib/x86_64-linux-gnu/libc-2.31.so
7f6e8dbfc000-7f6e8dc00000 r--p 001e7000 08:02 14942681                   /usr/lib/x86_64-linux-gnu/libc-2.31.so
7f6e8dc00000-7f6e8dc02000 rw-p 001eb000 08:02 14942681                   /usr/lib/x86_64-linux-gnu/libc-2.31.so
7f6e8dc02000-7f6e8dc06000 rw-p 00000000 00:00 0 
7f6e8dc0a000-7f6e8dc0c000 r--s 0000c000 08:02 15863961                   /usr/share/java/java-atk-wrapper.jar
7f6e8dc0c000-7f6e8dc0d000 ---p 00000000 00:00 0 
7f6e8dc0d000-7f6e8dc0e000 r--p 00000000 00:00 0 
7f6e8dc0e000-7f6e8dc10000 r--p 00000000 08:02 15075845                   /usr/lib/jvm/java-11-openjdk-amd64/lib/libjimage.so
7f6e8dc10000-7f6e8dc13000 r-xp 00002000 08:02 15075845                   /usr/lib/jvm/java-11-openjdk-amd64/lib/libjimage.so
7f6e8dc13000-7f6e8dc14000 r--p 00005000 08:02 15075845                   /usr/lib/jvm/java-11-openjdk-amd64/lib/libjimage.so
7f6e8dc14000-7f6e8dc15000 ---p 00006000 08:02 15075845                   /usr/lib/jvm/java-11-openjdk-amd64/lib/libjimage.so
7f6e8dc15000-7f6e8dc16000 r--p 00006000 08:02 15075845                   /usr/lib/jvm/java-11-openjdk-amd64/lib/libjimage.so
7f6e8dc16000-7f6e8dc17000 rw-p 00007000 08:02 15075845                   /usr/lib/jvm/java-11-openjdk-amd64/lib/libjimage.so
7f6e8dc17000-7f6e8dc1a000 r--p 00000000 08:02 15075827                   /usr/lib/jvm/java-11-openjdk-amd64/lib/jli/libjli.so
7f6e8dc1a000-7f6e8dc24000 r-xp 00003000 08:02 15075827                   /usr/lib/jvm/java-11-openjdk-amd64/lib/jli/libjli.so
7f6e8dc24000-7f6e8dc27000 r--p 0000d000 08:02 15075827                   /usr/lib/jvm/java-11-openjdk-amd64/lib/jli/libjli.so
7f6e8dc27000-7f6e8dc28000 ---p 00010000 08:02 15075827                   /usr/lib/jvm/java-11-openjdk-amd64/lib/jli/libjli.so
7f6e8dc28000-7f6e8dc29000 r--p 00010000 08:02 15075827                   /usr/lib/jvm/java-11-openjdk-amd64/lib/jli/libjli.so
7f6e8dc29000-7f6e8dc2a000 rw-p 00011000 08:02 15075827                   /usr/lib/jvm/java-11-openjdk-amd64/lib/jli/libjli.so
7f6e8dc2a000-7f6e8dc2c000 rw-p 00000000 00:00 0 
7f6e8dc2c000-7f6e8dc2d000 r--p 00000000 08:02 14942272                   /usr/lib/x86_64-linux-gnu/ld-2.31.so
7f6e8dc2d000-7f6e8dc50000 r-xp 00001000 08:02 14942272                   /usr/lib/x86_64-linux-gnu/ld-2.31.so
7f6e8dc50000-7f6e8dc58000 r--p 00024000 08:02 14942272                   /usr/lib/x86_64-linux-gnu/ld-2.31.so
7f6e8dc59000-7f6e8dc5a000 r--p 0002c000 08:02 14942272                   /usr/lib/x86_64-linux-gnu/ld-2.31.so
7f6e8dc5a000-7f6e8dc5b000 rw-p 0002d000 08:02 14942272                   /usr/lib/x86_64-linux-gnu/ld-2.31.so
7f6e8dc5b000-7f6e8dc5c000 rw-p 00000000 00:00 0 
7ffebc962000-7ffebc983000 rw-p 00000000 00:00 0                          [stack]
7ffebc9e4000-7ffebc9e8000 r--p 00000000 00:00 0                          [vvar]
7ffebc9e8000-7ffebc9ea000 r-xp 00000000 00:00 0                          [vdso]
ffffffffff600000-ffffffffff601000 --xp 00000000 00:00 0                  [vsyscall]


VM Arguments:
jvm_args: -Dfile.encoding=utf8 
java_command: /home/divum/.vscode/extensions/vscjava.vscode-gradle-3.12.5/lib/gradle-language-server.jar
java_class_path (initial): /home/divum/.vscode/extensions/vscjava.vscode-gradle-3.12.5/lib/gradle-language-server.jar
Launcher Type: SUN_STANDARD

[Global flags]
     intx CICompilerCount                          = 4                                         {product} {ergonomic}
     uint ConcGCThreads                            = 2                                         {product} {ergonomic}
     uint G1ConcRefinementThreads                  = 8                                         {product} {ergonomic}
   size_t G1HeapRegionSize                         = 1048576                                   {product} {ergonomic}
    uintx GCDrainStackTargetSize                   = 64                                        {product} {ergonomic}
   size_t InitialHeapSize                          = 260046848                                 {product} {ergonomic}
   size_t MarkStackSize                            = 4194304                                   {product} {ergonomic}
   size_t MaxHeapSize                              = 4158652416                                {product} {ergonomic}
   size_t MaxNewSize                               = 2494562304                                {product} {ergonomic}
   size_t MinHeapDeltaBytes                        = 1048576                                   {product} {ergonomic}
    uintx NonNMethodCodeHeapSize                   = 5836300                                {pd product} {ergonomic}
    uintx NonProfiledCodeHeapSize                  = 122910970                              {pd product} {ergonomic}
    uintx ProfiledCodeHeapSize                     = 122910970                              {pd product} {ergonomic}
    uintx ReservedCodeCacheSize                    = 251658240                              {pd product} {ergonomic}
     bool SegmentedCodeCache                       = true                                      {product} {ergonomic}
     bool UseCompressedClassPointers               = true                                 {lp64_product} {ergonomic}
     bool UseCompressedOops                        = true                                 {lp64_product} {ergonomic}
     bool UseG1GC                                  = true                                      {product} {ergonomic}

Logging:
Log output configuration:
 #0: stdout all=warning uptime,level,tags
 #1: stderr all=off uptime,level,tags

Environment Variables:
PATH=/usr/local/sbin:/usr/local/bin:/usr/sbin:/usr/bin:/sbin:/bin:/usr/games:/usr/local/games:/snap/bin:/home/divum/Library/Android/Sdk/emulator:/home/divum/Library/Android/Sdk/platform-tools
USERNAME=divum
SHELL=/bin/bash
DISPLAY=:0
LANG=en_IN

Signal Handlers:
SIGSEGV: [libjvm.so+0xe97380], sa_mask[0]=11111111011111111101111111111110, sa_flags=SA_RESTART|SA_SIGINFO
SIGBUS: [libjvm.so+0xe97380], sa_mask[0]=11111111011111111101111111111110, sa_flags=SA_RESTART|SA_SIGINFO
SIGFPE: [libjvm.so+0xe97380], sa_mask[0]=11111111011111111101111111111110, sa_flags=SA_RESTART|SA_SIGINFO
SIGPIPE: [libjvm.so+0xbdde80], sa_mask[0]=11111111011111111101111111111110, sa_flags=SA_RESTART|SA_SIGINFO
SIGXFSZ: [libjvm.so+0xbdde80], sa_mask[0]=11111111011111111101111111111110, sa_flags=SA_RESTART|SA_SIGINFO
SIGILL: [libjvm.so+0xe97380], sa_mask[0]=11111111011111111101111111111110, sa_flags=SA_RESTART|SA_SIGINFO
SIGUSR2: [libjvm.so+0xbddd20], sa_mask[0]=00000000000000000000000000000000, sa_flags=SA_RESTART|SA_SIGINFO
SIGHUP: [libjvm.so+0xbde490], sa_mask[0]=11111111011111111101111111111110, sa_flags=SA_RESTART|SA_SIGINFO
SIGINT: [libjvm.so+0xbde490], sa_mask[0]=11111111011111111101111111111110, sa_flags=SA_RESTART|SA_SIGINFO
SIGTERM: [libjvm.so+0xbde490], sa_mask[0]=11111111011111111101111111111110, sa_flags=SA_RESTART|SA_SIGINFO
SIGQUIT: [libjvm.so+0xbde490], sa_mask[0]=11111111011111111101111111111110, sa_flags=SA_RESTART|SA_SIGINFO


---------------  S Y S T E M  ---------------

OS:DISTRIB_ID=Ubuntu
DISTRIB_RELEASE=20.04
DISTRIB_CODENAME=focal
DISTRIB_DESCRIPTION="Ubuntu 20.04.4 LTS"
uname:Linux 5.15.0-48-generic #54~20.04.1-Ubuntu SMP Thu Sep 1 16:17:26 UTC 2022 x86_64
OS uptime: 0 days 0:03 hours
libc:glibc 2.31 NPTL 2.31 
rlimit (soft/hard): STACK 8192k/infinity , CORE 0k/infinity , NPROC 63139/63139 , NOFILE 1048576/1048576 , AS infinity/infinity , CPU infinity/infinity , DATA infinity/infinity , FSIZE infinity/infinity , MEMLOCK 65536k/65536k
load average:5.75 1.95 0.73

/proc/meminfo:
MemTotal:       16240500 kB
MemFree:        10879348 kB
MemAvailable:   13193944 kB
Buffers:          154656 kB
Cached:          2681252 kB
SwapCached:            0 kB
Active:           984512 kB
Inactive:        3762116 kB
Active(anon):       3636 kB
Inactive(anon):  2233892 kB
Active(file):     980876 kB
Inactive(file):  1528224 kB
Unevictable:      223512 kB
Mlocked:              32 kB
SwapTotal:       2097148 kB
SwapFree:        2097148 kB
Dirty:              5456 kB
Writeback:             0 kB
AnonPages:       2134936 kB
Mapped:           896628 kB
Shmem:            330572 kB
KReclaimable:     114832 kB
Slab:             231604 kB
SReclaimable:     114832 kB
SUnreclaim:       116772 kB
KernelStack:       15920 kB
PageTables:        37032 kB
NFS_Unstable:          0 kB
Bounce:                0 kB
WritebackTmp:          0 kB
CommitLimit:    10217396 kB
Committed_AS:    9764564 kB
VmallocTotal:   34359738367 kB
VmallocUsed:       45700 kB
VmallocChunk:          0 kB
Percpu:             7456 kB
HardwareCorrupted:     0 kB
AnonHugePages:         0 kB
ShmemHugePages:        0 kB
ShmemPmdMapped:        0 kB
FileHugePages:         0 kB
FilePmdMapped:         0 kB
HugePages_Total:       0
HugePages_Free:        0
HugePages_Rsvd:        0
HugePages_Surp:        0
Hugepagesize:       2048 kB
Hugetlb:               0 kB
DirectMap4k:      270108 kB
DirectMap2M:     7974912 kB
DirectMap1G:     8388608 kB

/sys/kernel/mm/transparent_hugepage/enabled:
always [madvise] never
/sys/kernel/mm/transparent_hugepage/defrag (defrag/compaction efforts parameter):
always defer defer+madvise [madvise] never

Process Memory:
Virtual Size: 6880848K (peak: 15570976K)
Resident Set Size: 76424K (peak: 76424K) (anon: 48704K, file: 27720K, shmem: 0K)
Swapped out: 0K
C-Heap outstanding allocations: 31854K, retained: 6073K
glibc malloc tunables: (default)

/proc/sys/kernel/threads-max (system-wide limit on the number of threads):
126279
/proc/sys/vm/max_map_count (maximum number of memory map areas a process may have):
65530
/proc/sys/kernel/pid_max (system-wide limit on number of process identifiers):
4194304

container (cgroup) information:
container_type: cgroupv1
cpu_cpuset_cpus: 0-7
cpu_memory_nodes: 0
active_processor_count: 8
cpu_quota: no quota
cpu_period: 100000
cpu_shares: no shares
memory_limit_in_bytes: unlimited
memory_and_swap_limit_in_bytes: unlimited
memory_soft_limit_in_bytes: unlimited
memory_usage_in_bytes: 3478962176
memory_max_usage_in_bytes: 3481587712

Steal ticks since vm start: 0
Steal ticks percentage since vm start:  0.000

CPU:total 8 (initial active 8) (4 cores per cpu, 2 threads per core) family 6 model 142 stepping 10 microcode 0xf0, cmov, cx8, fxsr, mmx, sse, sse2, sse3, ssse3, sse4.1, sse4.2, popcnt, avx, avx2, aes, clmul, erms, 3dnowpref, lzcnt, ht, tsc, tscinvbit, bmi1, bmi2, adx, fma
CPU Model and flags from /proc/cpuinfo:
model name	: Intel(R) Core(TM) i7-8650U CPU @ 1.90GHz
flags		: fpu vme de pse tsc msr pae mce cx8 apic sep mtrr pge mca cmov pat pse36 clflush dts acpi mmx fxsr sse sse2 ss ht tm pbe syscall nx pdpe1gb rdtscp lm constant_tsc art arch_perfmon pebs bts rep_good nopl xtopology nonstop_tsc cpuid aperfmperf pni pclmulqdq dtes64 monitor ds_cpl vmx smx est tm2 ssse3 sdbg fma cx16 xtpr pdcm pcid sse4_1 sse4_2 x2apic movbe popcnt tsc_deadline_timer aes xsave avx f16c rdrand lahf_lm abm 3dnowprefetch cpuid_fault epb invpcid_single pti ssbd ibrs ibpb stibp tpr_shadow vnmi flexpriority ept vpid ept_ad fsgsbase tsc_adjust bmi1 avx2 smep bmi2 erms invpcid mpx rdseed adx smap clflushopt intel_pt xsaveopt xsavec xgetbv1 xsaves dtherm ida arat pln pts hwp hwp_notify hwp_act_window hwp_epp md_clear flush_l1d arch_capabilities
Online cpus:
0-7
Offline cpus:

BIOS frequency limitation:
<Not Available>
Frequency switch latency (ns):
0
Available cpu frequencies:
<Not Available>
Current governor:
powersave
Core performance/turbo boost:
<Not Available>

Memory: 4k page, physical 16240500k(10879348k free), swap 2097148k(2097148k free)

vm_info: OpenJDK 64-Bit Server VM (11.0.16+8-post-Ubuntu-0ubuntu120.04) for linux-amd64 JRE (11.0.16+8-post-Ubuntu-0ubuntu120.04), built on Jul 22 2022 09:14:39 by "unknown" with gcc 9.4.0

END.
